# JRE version: Java(TM) SE Runtime Environment (8.0_111-b14) (build 1.8.0_111-b14)
# Java VM: Java HotSpot(TM) 64-Bit Server VM (25.111-b14 mixed mode windows-amd64 compressed oops)
Heap:
 PSYoungGen      total 159744K, used 153610K [0x00000000f5580000, 0x0000000100000000, 0x0000000100000000)
  eden space 147968K, 96% used [0x00000000f5580000,0x00000000fe0565c8,0x00000000fe600000)
  from space 11776K, 97% used [0x00000000fe600000,0x00000000ff12c340,0x00000000ff180000)
  to   space 14336K, 0% used [0x00000000ff200000,0x00000000ff200000,0x0000000100000000)
 ParOldGen       total 179200K, used 63400K [0x00000000e0000000, 0x00000000eaf00000, 0x00000000f5580000)
  object space 179200K, 35% used [0x00000000e0000000,0x00000000e3dea048,0x00000000eaf00000)
 Metaspace       used 61445K, capacity 70519K, committed 70704K, reserved 1110016K
  class space    used 7694K, capacity 10273K, committed 10288K, reserved 1048576K
GC Heap History (10 events):
Event: 4.745 GC heap before
{Heap before GC invocations=18 (full 3):
 PSYoungGen      total 160256K, used 148992K [0x00000000f5580000, 0x0000000100000000, 0x0000000100000000)
  eden space 148992K, 100% used [0x00000000f5580000,0x00000000fe700000,0x00000000fe700000)
  from space 11264K, 0% used [0x00000000ff500000,0x00000000ff500000,0x0000000100000000)
  to   space 12800K, 0% used [0x00000000fe700000,0x00000000fe700000,0x00000000ff380000)
 ParOldGen       total 179200K, used 60605K [0x00000000e0000000, 0x00000000eaf00000, 0x00000000f5580000)
  object space 179200K, 33% used [0x00000000e0000000,0x00000000e3b2f6d8,0x00000000eaf00000)
 Metaspace       used 50062K, capacity 55951K, committed 56112K, reserved 1097728K
  class space    used 6090K, capacity 7885K, committed 7984K, reserved 1048576K
Event: 4.749 GC heap after
Heap after GC invocations=18 (full 3):
 PSYoungGen      total 161792K, used 4599K [0x00000000f5580000, 0x0000000100000000, 0x0000000100000000)
  eden space 148992K, 0% used [0x00000000f5580000,0x00000000f5580000,0x00000000fe700000)
  from space 12800K, 35% used [0x00000000fe700000,0x00000000feb7dc40,0x00000000ff380000)
  to   space 12800K, 0% used [0x00000000ff380000,0x00000000ff380000,0x0000000100000000)
 ParOldGen       total 179200K, used 60613K [0x00000000e0000000, 0x00000000eaf00000, 0x00000000f5580000)
  object space 179200K, 33% used [0x00000000e0000000,0x00000000e3b316d8,0x00000000eaf00000)
 Metaspace       used 50062K, capacity 55951K, committed 56112K, reserved 1097728K
  class space    used 6090K, capacity 7885K, committed 7984K, reserved 1048576K
}
Event: 5.045 GC heap before
{Heap before GC invocations=19 (full 3):
 PSYoungGen      total 161792K, used 153591K [0x00000000f5580000, 0x0000000100000000, 0x0000000100000000)
  eden space 148992K, 100% used [0x00000000f5580000,0x00000000fe700000,0x00000000fe700000)
  from space 12800K, 35% used [0x00000000fe700000,0x00000000feb7dc40,0x00000000ff380000)
  to   space 12800K, 0% used [0x00000000ff380000,0x00000000ff380000,0x0000000100000000)
 ParOldGen       total 179200K, used 60613K [0x00000000e0000000, 0x00000000eaf00000, 0x00000000f5580000)
  object space 179200K, 33% used [0x00000000e0000000,0x00000000e3b316d8,0x00000000eaf00000)
 Metaspace       used 53639K, capacity 59609K, committed 59952K, reserved 1101824K
  class space    used 6358K, capacity 8174K, committed 8240K, reserved 1048576K
Event: 5.049 GC heap after
Heap after GC invocations=19 (full 3):
 PSYoungGen      total 160768K, used 6167K [0x00000000f5580000, 0x00000000fff00000, 0x0000000100000000)
  eden space 148992K, 0% used [0x00000000f5580000,0x00000000f5580000,0x00000000fe700000)
  from space 11776K, 52% used [0x00000000ff380000,0x00000000ff985d50,0x00000000fff00000)
  to   space 12288K, 0% used [0x00000000fe700000,0x00000000fe700000,0x00000000ff300000)
 ParOldGen       total 179200K, used 60621K [0x00000000e0000000, 0x00000000eaf00000, 0x00000000f5580000)
  object space 179200K, 33% used [0x00000000e0000000,0x00000000e3b336d8,0x00000000eaf00000)
 Metaspace       used 53639K, capacity 59609K, committed 59952K, reserved 1101824K
  class space    used 6358K, capacity 8174K, committed 8240K, reserved 1048576K
}
Event: 5.331 GC heap before
{Heap before GC invocations=20 (full 3):
 PSYoungGen      total 160768K, used 155159K [0x00000000f5580000, 0x00000000fff00000, 0x0000000100000000)
  eden space 148992K, 100% used [0x00000000f5580000,0x00000000fe700000,0x00000000fe700000)
  from space 11776K, 52% used [0x00000000ff380000,0x00000000ff985d50,0x00000000fff00000)
  to   space 12288K, 0% used [0x00000000fe700000,0x00000000fe700000,0x00000000ff300000)
 ParOldGen       total 179200K, used 60621K [0x00000000e0000000, 0x00000000eaf00000, 0x00000000f5580000)
  object space 179200K, 33% used [0x00000000e0000000,0x00000000e3b336d8,0x00000000eaf00000)
 Metaspace       used 55692K, capacity 62243K, committed 62512K, reserved 1103872K
  class space    used 6715K, capacity 8685K, committed 8752K, reserved 1048576K
Event: 5.336 GC heap after
Heap after GC invocations=20 (full 3):
 PSYoungGen      total 161280K, used 7289K [0x00000000f5580000, 0x00000000fff80000, 0x0000000100000000)
  eden space 148992K, 0% used [0x00000000f5580000,0x00000000f5580000,0x00000000fe700000)
  from space 12288K, 59% used [0x00000000fe700000,0x00000000fee1e618,0x00000000ff300000)
  to   space 11776K, 0% used [0x00000000ff400000,0x00000000ff400000,0x00000000fff80000)
 ParOldGen       total 179200K, used 60629K [0x00000000e0000000, 0x00000000eaf00000, 0x00000000f5580000)
  object space 179200K, 33% used [0x00000000e0000000,0x00000000e3b356d8,0x00000000eaf00000)
 Metaspace       used 55692K, capacity 62243K, committed 62512K, reserved 1103872K
  class space    used 6715K, capacity 8685K, committed 8752K, reserved 1048576K
}
Event: 5.824 GC heap before
{Heap before GC invocations=21 (full 3):
 PSYoungGen      total 161280K, used 156281K [0x00000000f5580000, 0x00000000fff80000, 0x0000000100000000)
  eden space 148992K, 100% used [0x00000000f5580000,0x00000000fe700000,0x00000000fe700000)
  from space 12288K, 59% used [0x00000000fe700000,0x00000000fee1e618,0x00000000ff300000)
  to   space 11776K, 0% used [0x00000000ff400000,0x00000000ff400000,0x00000000fff80000)
 ParOldGen       total 179200K, used 60629K [0x00000000e0000000, 0x00000000eaf00000, 0x00000000f5580000)
  object space 179200K, 33% used [0x00000000e0000000,0x00000000e3b356d8,0x00000000eaf00000)
 Metaspace       used 60118K, capacity 68895K, committed 69040K, reserved 1107968K
  class space    used 7573K, capacity 10115K, committed 10160K, reserved 1048576K
Event: 5.832 GC heap after
Heap after GC invocations=21 (full 3):
 PSYoungGen      total 159744K, used 11763K [0x00000000f5580000, 0x0000000100000000, 0x0000000100000000)
  eden space 147968K, 0% used [0x00000000f5580000,0x00000000f5580000,0x00000000fe600000)
  from space 11776K, 99% used [0x00000000ff400000,0x00000000fff7cee0,0x00000000fff80000)
  to   space 13312K, 0% used [0x00000000fe600000,0x00000000fe600000,0x00000000ff300000)
 ParOldGen       total 179200K, used 60741K [0x00000000e0000000, 0x00000000eaf00000, 0x00000000f5580000)
  object space 179200K, 33% used [0x00000000e0000000,0x00000000e3b51660,0x00000000eaf00000)
 Metaspace       used 60118K, capacity 68895K, committed 69040K, reserved 1107968K
  class space    used 7573K, capacity 10115K, committed 10160K, reserved 1048576K
}
Event: 6.083 GC heap before
{Heap before GC invocations=22 (full 3):
 PSYoungGen      total 159744K, used 159731K [0x00000000f5580000, 0x0000000100000000, 0x0000000100000000)
  eden space 147968K, 100% used [0x00000000f5580000,0x00000000fe600000,0x00000000fe600000)
  from space 11776K, 99% used [0x00000000ff400000,0x00000000fff7cee0,0x00000000fff80000)
  to   space 13312K, 0% used [0x00000000fe600000,0x00000000fe600000,0x00000000ff300000)
 ParOldGen       total 179200K, used 60741K [0x00000000e0000000, 0x00000000eaf00000, 0x00000000f5580000)
  object space 179200K, 33% used [0x00000000e0000000,0x00000000e3b51660,0x00000000eaf00000)
 Metaspace       used 61266K, capacity 70145K, committed 70192K, reserved 1110016K
  class space    used 7680K, capacity 10248K, committed 10288K, reserved 1048576K
Event: 6.092 GC heap after
Heap after GC invocations=22 (full 3):
 PSYoungGen      total 159744K, used 11440K [0x00000000f5580000, 0x0000000100000000, 0x0000000100000000)
  eden space 147968K, 0% used [0x00000000f5580000,0x00000000f5580000,0x00000000fe600000)
  from space 11776K, 97% used [0x00000000fe600000,0x00000000ff12c340,0x00000000ff180000)
  to   space 14336K, 0% used [0x00000000ff200000,0x00000000ff200000,0x0000000100000000)
 ParOldGen       total 179200K, used 63400K [0x00000000e0000000, 0x00000000eaf00000, 0x00000000f5580000)
  object space 179200K, 35% used [0x00000000e0000000,0x00000000e3dea048,0x00000000eaf00000)
 Metaspace       used 61266K, capacity 70145K, committed 70192K, reserved 1110016K
  class space    used 7680K, capacity 10248K, committed 10288K, reserved 1048576K
}

