# JRE version: Java(TM) SE Runtime Environment (8.0_111-b14) (build 1.8.0_111-b14)
# Java VM: Java HotSpot(TM) 64-Bit Server VM (25.111-b14 mixed mode windows-amd64 compressed oops)
Heap:
 PSYoungGen      total 162816K, used 66759K [0x00000000f5580000, 0x0000000100000000, 0x0000000100000000)
  eden space 151040K, 38% used [0x00000000f5580000,0x00000000f8ec73f0,0x00000000fe900000)
  from space 11776K, 68% used [0x00000000fe900000,0x00000000ff0eaa58,0x00000000ff480000)
  to   space 11776K, 0% used [0x00000000ff480000,0x00000000ff480000,0x0000000100000000)
 ParOldGen       total 162304K, used 68447K [0x00000000e0000000, 0x00000000e9e80000, 0x00000000f5580000)
  object space 162304K, 42% used [0x00000000e0000000,0x00000000e42d7fe0,0x00000000e9e80000)
 Metaspace       used 62066K, capacity 71948K, committed 72064K, reserved 1112064K
  class space    used 7694K, capacity 10271K, committed 10368K, reserved 1048576K
GC Heap History (10 events):
Event: 7.769 GC heap before
{Heap before GC invocations=18 (full 3):
 PSYoungGen      total 163840K, used 154112K [0x00000000f5580000, 0x0000000100000000, 0x0000000100000000)
  eden space 154112K, 100% used [0x00000000f5580000,0x00000000fec00000,0x00000000fec00000)
  from space 9728K, 0% used [0x00000000ff580000,0x00000000ff580000,0x00000000fff00000)
  to   space 9728K, 0% used [0x00000000fec00000,0x00000000fec00000,0x00000000ff580000)
 ParOldGen       total 162304K, used 60586K [0x00000000e0000000, 0x00000000e9e80000, 0x00000000f5580000)
  object space 162304K, 37% used [0x00000000e0000000,0x00000000e3b2a858,0x00000000e9e80000)
 Metaspace       used 50612K, capacity 56990K, committed 57088K, reserved 1097728K
  class space    used 6092K, capacity 7884K, committed 7936K, reserved 1048576K
Event: 7.773 GC heap after
Heap after GC invocations=18 (full 3):
 PSYoungGen      total 163840K, used 5069K [0x00000000f5580000, 0x0000000100000000, 0x0000000100000000)
  eden space 154112K, 0% used [0x00000000f5580000,0x00000000f5580000,0x00000000fec00000)
  from space 9728K, 52% used [0x00000000fec00000,0x00000000ff0f3610,0x00000000ff580000)
  to   space 9728K, 0% used [0x00000000ff680000,0x00000000ff680000,0x0000000100000000)
 ParOldGen       total 162304K, used 60594K [0x00000000e0000000, 0x00000000e9e80000, 0x00000000f5580000)
  object space 162304K, 37% used [0x00000000e0000000,0x00000000e3b2c858,0x00000000e9e80000)
 Metaspace       used 50612K, capacity 56990K, committed 57088K, reserved 1097728K
  class space    used 6092K, capacity 7884K, committed 7936K, reserved 1048576K
}
Event: 8.130 GC heap before
{Heap before GC invocations=19 (full 3):
 PSYoungGen      total 163840K, used 159181K [0x00000000f5580000, 0x0000000100000000, 0x0000000100000000)
  eden space 154112K, 100% used [0x00000000f5580000,0x00000000fec00000,0x00000000fec00000)
  from space 9728K, 52% used [0x00000000fec00000,0x00000000ff0f3610,0x00000000ff580000)
  to   space 9728K, 0% used [0x00000000ff680000,0x00000000ff680000,0x0000000100000000)
 ParOldGen       total 162304K, used 60594K [0x00000000e0000000, 0x00000000e9e80000, 0x00000000f5580000)
  object space 162304K, 37% used [0x00000000e0000000,0x00000000e3b2c858,0x00000000e9e80000)
 Metaspace       used 54234K, capacity 60712K, committed 60928K, reserved 1101824K
  class space    used 6358K, capacity 8173K, committed 8192K, reserved 1048576K
Event: 8.135 GC heap after
Heap after GC invocations=19 (full 3):
 PSYoungGen      total 163840K, used 6462K [0x00000000f5580000, 0x00000000fff00000, 0x0000000100000000)
  eden space 155136K, 0% used [0x00000000f5580000,0x00000000f5580000,0x00000000fed00000)
  from space 8704K, 74% used [0x00000000ff680000,0x00000000ffccfb98,0x00000000fff00000)
  to   space 9216K, 0% used [0x00000000fed00000,0x00000000fed00000,0x00000000ff600000)
 ParOldGen       total 162304K, used 60602K [0x00000000e0000000, 0x00000000e9e80000, 0x00000000f5580000)
  object space 162304K, 37% used [0x00000000e0000000,0x00000000e3b2e858,0x00000000e9e80000)
 Metaspace       used 54234K, capacity 60712K, committed 60928K, reserved 1101824K
  class space    used 6358K, capacity 8173K, committed 8192K, reserved 1048576K
}
Event: 8.510 GC heap before
{Heap before GC invocations=20 (full 3):
 PSYoungGen      total 163840K, used 161598K [0x00000000f5580000, 0x00000000fff00000, 0x0000000100000000)
  eden space 155136K, 100% used [0x00000000f5580000,0x00000000fed00000,0x00000000fed00000)
  from space 8704K, 74% used [0x00000000ff680000,0x00000000ffccfb98,0x00000000fff00000)
  to   space 9216K, 0% used [0x00000000fed00000,0x00000000fed00000,0x00000000ff600000)
 ParOldGen       total 162304K, used 60602K [0x00000000e0000000, 0x00000000e9e80000, 0x00000000f5580000)
  object space 162304K, 37% used [0x00000000e0000000,0x00000000e3b2e858,0x00000000e9e80000)
 Metaspace       used 56500K, capacity 63748K, committed 63872K, reserved 1103872K
  class space    used 6757K, capacity 8741K, committed 8832K, reserved 1048576K
Event: 8.520 GC heap after
Heap after GC invocations=20 (full 3):
 PSYoungGen      total 164352K, used 7922K [0x00000000f5580000, 0x0000000100000000, 0x0000000100000000)
  eden space 155136K, 0% used [0x00000000f5580000,0x00000000f5580000,0x00000000fed00000)
  from space 9216K, 85% used [0x00000000fed00000,0x00000000ff4bc8c8,0x00000000ff600000)
  to   space 9728K, 0% used [0x00000000ff680000,0x00000000ff680000,0x0000000100000000)
 ParOldGen       total 162304K, used 60610K [0x00000000e0000000, 0x00000000e9e80000, 0x00000000f5580000)
  object space 162304K, 37% used [0x00000000e0000000,0x00000000e3b30858,0x00000000e9e80000)
 Metaspace       used 56500K, capacity 63748K, committed 63872K, reserved 1103872K
  class space    used 6757K, capacity 8741K, committed 8832K, reserved 1048576K
}
Event: 9.133 GC heap before
{Heap before GC invocations=21 (full 3):
 PSYoungGen      total 164352K, used 163058K [0x00000000f5580000, 0x0000000100000000, 0x0000000100000000)
  eden space 155136K, 100% used [0x00000000f5580000,0x00000000fed00000,0x00000000fed00000)
  from space 9216K, 85% used [0x00000000fed00000,0x00000000ff4bc8c8,0x00000000ff600000)
  to   space 9728K, 0% used [0x00000000ff680000,0x00000000ff680000,0x0000000100000000)
 ParOldGen       total 162304K, used 60610K [0x00000000e0000000, 0x00000000e9e80000, 0x00000000f5580000)
  object space 162304K, 37% used [0x00000000e0000000,0x00000000e3b30858,0x00000000e9e80000)
 Metaspace       used 61356K, capacity 70918K, committed 71168K, reserved 1110016K
  class space    used 7643K, capacity 10178K, committed 10240K, reserved 1048576K
Event: 9.141 GC heap after
Heap after GC invocations=21 (full 3):
 PSYoungGen      total 160768K, used 9725K [0x00000000f5580000, 0x0000000100000000, 0x0000000100000000)
  eden space 151040K, 0% used [0x00000000f5580000,0x00000000f5580000,0x00000000fe900000)
  from space 9728K, 99% used [0x00000000ff680000,0x00000000fffff650,0x0000000100000000)
  to   space 11776K, 0% used [0x00000000fe900000,0x00000000fe900000,0x00000000ff480000)
 ParOldGen       total 162304K, used 63809K [0x00000000e0000000, 0x00000000e9e80000, 0x00000000f5580000)
  object space 162304K, 39% used [0x00000000e0000000,0x00000000e3e505c8,0x00000000e9e80000)
 Metaspace       used 61356K, capacity 70918K, committed 71168K, reserved 1110016K
  class space    used 7643K, capacity 10178K, committed 10240K, reserved 1048576K
}
Event: 9.441 GC heap before
{Heap before GC invocations=22 (full 3):
 PSYoungGen      total 160768K, used 160765K [0x00000000f5580000, 0x0000000100000000, 0x0000000100000000)
  eden space 151040K, 100% used [0x00000000f5580000,0x00000000fe900000,0x00000000fe900000)
  from space 9728K, 99% used [0x00000000ff680000,0x00000000fffff650,0x0000000100000000)
  to   space 11776K, 0% used [0x00000000fe900000,0x00000000fe900000,0x00000000ff480000)
 ParOldGen       total 162304K, used 63809K [0x00000000e0000000, 0x00000000e9e80000, 0x00000000f5580000)
  object space 162304K, 39% used [0x00000000e0000000,0x00000000e3e505c8,0x00000000e9e80000)
 Metaspace       used 61935K, capacity 71698K, committed 72064K, reserved 1112064K
  class space    used 7683K, capacity 10252K, committed 10368K, reserved 1048576K
Event: 9.450 GC heap after
Heap after GC invocations=22 (full 3):
 PSYoungGen      total 162816K, used 8106K [0x00000000f5580000, 0x0000000100000000, 0x0000000100000000)
  eden space 151040K, 0% used [0x00000000f5580000,0x00000000f5580000,0x00000000fe900000)
  from space 11776K, 68% used [0x00000000fe900000,0x00000000ff0eaa58,0x00000000ff480000)
  to   space 11776K, 0% used [0x00000000ff480000,0x00000000ff480000,0x0000000100000000)
 ParOldGen       total 162304K, used 68447K [0x00000000e0000000, 0x00000000e9e80000, 0x00000000f5580000)
  object space 162304K, 42% used [0x00000000e0000000,0x00000000e42d7fe0,0x00000000e9e80000)
 Metaspace       used 61935K, capacity 71698K, committed 72064K, reserved 1112064K
  class space    used 7683K, capacity 10252K, committed 10368K, reserved 1048576K
}

