# JRE version: Java(TM) SE Runtime Environment (8.0_111-b14) (build 1.8.0_111-b14)
# Java VM: Java HotSpot(TM) 64-Bit Server VM (25.111-b14 mixed mode windows-amd64 compressed oops)
Heap:
 PSYoungGen      total 160256K, used 160234K [0x00000000f5580000, 0x0000000100000000, 0x0000000100000000)
  eden space 150016K, 100% used [0x00000000f5580000,0x00000000fe800000,0x00000000fe800000)
  from space 10240K, 99% used [0x00000000ff600000,0x00000000ffffaba8,0x0000000100000000)
  to   space 12288K, 0% used [0x00000000fe800000,0x00000000fe800000,0x00000000ff400000)
 ParOldGen       total 175616K, used 63008K [0x00000000e0000000, 0x00000000eab80000, 0x00000000f5580000)
  object space 175616K, 35% used [0x00000000e0000000,0x00000000e3d883c8,0x00000000eab80000)
 Metaspace       used 61112K, capacity 69953K, committed 70192K, reserved 1110016K
  class space    used 7674K, capacity 10220K, committed 10288K, reserved 1048576K
GC Heap History (10 events):
Event: 4.098 GC heap before
{Heap before GC invocations=17 (full 3):
 PSYoungGen      total 162816K, used 8488K [0x00000000f5580000, 0x0000000100000000, 0x0000000100000000)
  eden space 152576K, 0% used [0x00000000f5580000,0x00000000f5580000,0x00000000fea80000)
  from space 10240K, 82% used [0x00000000ff500000,0x00000000ffd4a230,0x00000000fff00000)
  to   space 10752K, 0% used [0x00000000fea80000,0x00000000fea80000,0x00000000ff500000)
 ParOldGen       total 143360K, used 54775K [0x00000000e0000000, 0x00000000e8c00000, 0x00000000f5580000)
  object space 143360K, 38% used [0x00000000e0000000,0x00000000e357dd08,0x00000000e8c00000)
 Metaspace       used 46632K, capacity 51795K, committed 51920K, reserved 1093632K
  class space    used 5632K, capacity 7216K, committed 7216K, reserved 1048576K
Event: 4.260 GC heap after
Heap after GC invocations=17 (full 3):
 PSYoungGen      total 162816K, used 0K [0x00000000f5580000, 0x0000000100000000, 0x0000000100000000)
  eden space 152576K, 0% used [0x00000000f5580000,0x00000000f5580000,0x00000000fea80000)
  from space 10240K, 0% used [0x00000000ff500000,0x00000000ff500000,0x00000000fff00000)
  to   space 10752K, 0% used [0x00000000fea80000,0x00000000fea80000,0x00000000ff500000)
 ParOldGen       total 175616K, used 60608K [0x00000000e0000000, 0x00000000eab80000, 0x00000000f5580000)
  object space 175616K, 34% used [0x00000000e0000000,0x00000000e3b301f8,0x00000000eab80000)
 Metaspace       used 46632K, capacity 51795K, committed 51920K, reserved 1093632K
  class space    used 5632K, capacity 7216K, committed 7216K, reserved 1048576K
}
Event: 4.615 GC heap before
{Heap before GC invocations=18 (full 3):
 PSYoungGen      total 162816K, used 152576K [0x00000000f5580000, 0x0000000100000000, 0x0000000100000000)
  eden space 152576K, 100% used [0x00000000f5580000,0x00000000fea80000,0x00000000fea80000)
  from space 10240K, 0% used [0x00000000ff500000,0x00000000ff500000,0x00000000fff00000)
  to   space 10752K, 0% used [0x00000000fea80000,0x00000000fea80000,0x00000000ff500000)
 ParOldGen       total 175616K, used 60608K [0x00000000e0000000, 0x00000000eab80000, 0x00000000f5580000)
  object space 175616K, 34% used [0x00000000e0000000,0x00000000e3b301f8,0x00000000eab80000)
 Metaspace       used 50173K, capacity 56083K, committed 56368K, reserved 1097728K
  class space    used 6097K, capacity 7885K, committed 7984K, reserved 1048576K
Event: 4.618 GC heap after
Heap after GC invocations=18 (full 3):
 PSYoungGen      total 163328K, used 4783K [0x00000000f5580000, 0x0000000100000000, 0x0000000100000000)
  eden space 152576K, 0% used [0x00000000f5580000,0x00000000f5580000,0x00000000fea80000)
  from space 10752K, 44% used [0x00000000fea80000,0x00000000fef2be88,0x00000000ff500000)
  to   space 10752K, 0% used [0x00000000ff580000,0x00000000ff580000,0x0000000100000000)
 ParOldGen       total 175616K, used 60616K [0x00000000e0000000, 0x00000000eab80000, 0x00000000f5580000)
  object space 175616K, 34% used [0x00000000e0000000,0x00000000e3b321f8,0x00000000eab80000)
 Metaspace       used 50173K, capacity 56083K, committed 56368K, reserved 1097728K
  class space    used 6097K, capacity 7885K, committed 7984K, reserved 1048576K
}
Event: 4.915 GC heap before
{Heap before GC invocations=19 (full 3):
 PSYoungGen      total 163328K, used 157359K [0x00000000f5580000, 0x0000000100000000, 0x0000000100000000)
  eden space 152576K, 100% used [0x00000000f5580000,0x00000000fea80000,0x00000000fea80000)
  from space 10752K, 44% used [0x00000000fea80000,0x00000000fef2be88,0x00000000ff500000)
  to   space 10752K, 0% used [0x00000000ff580000,0x00000000ff580000,0x0000000100000000)
 ParOldGen       total 175616K, used 60616K [0x00000000e0000000, 0x00000000eab80000, 0x00000000f5580000)
  object space 175616K, 34% used [0x00000000e0000000,0x00000000e3b321f8,0x00000000eab80000)
 Metaspace       used 53670K, capacity 59677K, committed 59952K, reserved 1101824K
  class space    used 6359K, capacity 8174K, committed 8240K, reserved 1048576K
Event: 4.920 GC heap after
Heap after GC invocations=19 (full 3):
 PSYoungGen      total 162816K, used 6146K [0x00000000f5580000, 0x00000000fff00000, 0x0000000100000000)
  eden space 153088K, 0% used [0x00000000f5580000,0x00000000f5580000,0x00000000feb00000)
  from space 9728K, 63% used [0x00000000ff580000,0x00000000ffb80928,0x00000000fff00000)
  to   space 10240K, 0% used [0x00000000feb00000,0x00000000feb00000,0x00000000ff500000)
 ParOldGen       total 175616K, used 60624K [0x00000000e0000000, 0x00000000eab80000, 0x00000000f5580000)
  object space 175616K, 34% used [0x00000000e0000000,0x00000000e3b341f8,0x00000000eab80000)
 Metaspace       used 53670K, capacity 59677K, committed 59952K, reserved 1101824K
  class space    used 6359K, capacity 8174K, committed 8240K, reserved 1048576K
}
Event: 5.241 GC heap before
{Heap before GC invocations=20 (full 3):
 PSYoungGen      total 162816K, used 159234K [0x00000000f5580000, 0x00000000fff00000, 0x0000000100000000)
  eden space 153088K, 100% used [0x00000000f5580000,0x00000000feb00000,0x00000000feb00000)
  from space 9728K, 63% used [0x00000000ff580000,0x00000000ffb80928,0x00000000fff00000)
  to   space 10240K, 0% used [0x00000000feb00000,0x00000000feb00000,0x00000000ff500000)
 ParOldGen       total 175616K, used 60624K [0x00000000e0000000, 0x00000000eab80000, 0x00000000f5580000)
  object space 175616K, 34% used [0x00000000e0000000,0x00000000e3b341f8,0x00000000eab80000)
 Metaspace       used 56077K, capacity 62733K, committed 62896K, reserved 1103872K
  class space    used 6771K, capacity 8770K, committed 8880K, reserved 1048576K
Event: 5.249 GC heap after
Heap after GC invocations=20 (full 3):
 PSYoungGen      total 163328K, used 7792K [0x00000000f5580000, 0x0000000100000000, 0x0000000100000000)
  eden space 153088K, 0% used [0x00000000f5580000,0x00000000f5580000,0x00000000feb00000)
  from space 10240K, 76% used [0x00000000feb00000,0x00000000ff29c1d0,0x00000000ff500000)
  to   space 10240K, 0% used [0x00000000ff600000,0x00000000ff600000,0x0000000100000000)
 ParOldGen       total 175616K, used 60624K [0x00000000e0000000, 0x00000000eab80000, 0x00000000f5580000)
  object space 175616K, 34% used [0x00000000e0000000,0x00000000e3b341f8,0x00000000eab80000)
 Metaspace       used 56077K, capacity 62733K, committed 62896K, reserved 1103872K
  class space    used 6771K, capacity 8770K, committed 8880K, reserved 1048576K
}
Event: 5.809 GC heap before
{Heap before GC invocations=21 (full 3):
 PSYoungGen      total 163328K, used 160880K [0x00000000f5580000, 0x0000000100000000, 0x0000000100000000)
  eden space 153088K, 100% used [0x00000000f5580000,0x00000000feb00000,0x00000000feb00000)
  from space 10240K, 76% used [0x00000000feb00000,0x00000000ff29c1d0,0x00000000ff500000)
  to   space 10240K, 0% used [0x00000000ff600000,0x00000000ff600000,0x0000000100000000)
 ParOldGen       total 175616K, used 60624K [0x00000000e0000000, 0x00000000eab80000, 0x00000000f5580000)
  object space 175616K, 34% used [0x00000000e0000000,0x00000000e3b341f8,0x00000000eab80000)
 Metaspace       used 60914K, capacity 69649K, committed 69936K, reserved 1110016K
  class space    used 7663K, capacity 10212K, committed 10288K, reserved 1048576K
Event: 5.818 GC heap after
Heap after GC invocations=21 (full 3):
 PSYoungGen      total 160256K, used 10218K [0x00000000f5580000, 0x0000000100000000, 0x0000000100000000)
  eden space 150016K, 0% used [0x00000000f5580000,0x00000000f5580000,0x00000000fe800000)
  from space 10240K, 99% used [0x00000000ff600000,0x00000000ffffaba8,0x0000000100000000)
  to   space 12288K, 0% used [0x00000000fe800000,0x00000000fe800000,0x00000000ff400000)
 ParOldGen       total 175616K, used 63008K [0x00000000e0000000, 0x00000000eab80000, 0x00000000f5580000)
  object space 175616K, 35% used [0x00000000e0000000,0x00000000e3d883c8,0x00000000eab80000)
 Metaspace       used 60914K, capacity 69649K, committed 69936K, reserved 1110016K
  class space    used 7663K, capacity 10212K, committed 10288K, reserved 1048576K
}

