# JRE version: Java(TM) SE Runtime Environment (8.0_111-b14) (build 1.8.0_111-b14)
# Java VM: Java HotSpot(TM) 64-Bit Server VM (25.111-b14 mixed mode windows-amd64 compressed oops)
Heap:
 PSYoungGen      total 153600K, used 99449K [0x00000000f5580000, 0x0000000100000000, 0x0000000100000000)
  eden space 139776K, 61% used [0x00000000f5580000,0x00000000fa91e658,0x00000000fde00000)
  from space 13824K, 99% used [0x00000000ff280000,0x00000000ffffffe8,0x0000000100000000)
  to   space 17408K, 0% used [0x00000000fde00000,0x00000000fde00000,0x00000000fef00000)
 ParOldGen       total 178176K, used 62961K [0x00000000e0000000, 0x00000000eae00000, 0x00000000f5580000)
  object space 178176K, 35% used [0x00000000e0000000,0x00000000e3d7c790,0x00000000eae00000)
 Metaspace       used 61460K, capacity 70644K, committed 70696K, reserved 1110016K
  class space    used 7695K, capacity 10273K, committed 10288K, reserved 1048576K
GC Heap History (10 events):
Event: 5.138 GC heap before
{Heap before GC invocations=19 (full 3):
 PSYoungGen      total 161280K, used 152536K [0x00000000f5580000, 0x0000000100000000, 0x0000000100000000)
  eden space 147968K, 100% used [0x00000000f5580000,0x00000000fe600000,0x00000000fe600000)
  from space 13312K, 34% used [0x00000000fe600000,0x00000000fea763b8,0x00000000ff300000)
  to   space 13312K, 0% used [0x00000000ff300000,0x00000000ff300000,0x0000000100000000)
 ParOldGen       total 178176K, used 60615K [0x00000000e0000000, 0x00000000eae00000, 0x00000000f5580000)
  object space 178176K, 34% used [0x00000000e0000000,0x00000000e3b31f30,0x00000000eae00000)
 Metaspace       used 53636K, capacity 59540K, committed 59688K, reserved 1101824K
  class space    used 6358K, capacity 8173K, committed 8240K, reserved 1048576K
Event: 5.143 GC heap after
Heap after GC invocations=19 (full 3):
 PSYoungGen      total 161280K, used 6206K [0x00000000f5580000, 0x0000000100000000, 0x0000000100000000)
  eden space 147968K, 0% used [0x00000000f5580000,0x00000000f5580000,0x00000000fe600000)
  from space 13312K, 46% used [0x00000000ff300000,0x00000000ff90f890,0x0000000100000000)
  to   space 13312K, 0% used [0x00000000fe600000,0x00000000fe600000,0x00000000ff300000)
 ParOldGen       total 178176K, used 60623K [0x00000000e0000000, 0x00000000eae00000, 0x00000000f5580000)
  object space 178176K, 34% used [0x00000000e0000000,0x00000000e3b33f30,0x00000000eae00000)
 Metaspace       used 53636K, capacity 59540K, committed 59688K, reserved 1101824K
  class space    used 6358K, capacity 8173K, committed 8240K, reserved 1048576K
}
Event: 5.486 GC heap before
{Heap before GC invocations=20 (full 3):
 PSYoungGen      total 161280K, used 154174K [0x00000000f5580000, 0x0000000100000000, 0x0000000100000000)
  eden space 147968K, 100% used [0x00000000f5580000,0x00000000fe600000,0x00000000fe600000)
  from space 13312K, 46% used [0x00000000ff300000,0x00000000ff90f890,0x0000000100000000)
  to   space 13312K, 0% used [0x00000000fe600000,0x00000000fe600000,0x00000000ff300000)
 ParOldGen       total 178176K, used 60623K [0x00000000e0000000, 0x00000000eae00000, 0x00000000f5580000)
  object space 178176K, 34% used [0x00000000e0000000,0x00000000e3b33f30,0x00000000eae00000)
 Metaspace       used 55679K, capacity 62196K, committed 62504K, reserved 1103872K
  class space    used 6716K, capacity 8681K, committed 8752K, reserved 1048576K
Event: 5.492 GC heap after
Heap after GC invocations=20 (full 3):
 PSYoungGen      total 155648K, used 7284K [0x00000000f5580000, 0x00000000fff00000, 0x0000000100000000)
  eden space 147968K, 0% used [0x00000000f5580000,0x00000000f5580000,0x00000000fe600000)
  from space 7680K, 94% used [0x00000000fe600000,0x00000000fed1d160,0x00000000fed80000)
  to   space 12800K, 0% used [0x00000000ff280000,0x00000000ff280000,0x00000000fff00000)
 ParOldGen       total 178176K, used 60631K [0x00000000e0000000, 0x00000000eae00000, 0x00000000f5580000)
  object space 178176K, 34% used [0x00000000e0000000,0x00000000e3b35f30,0x00000000eae00000)
 Metaspace       used 55679K, capacity 62196K, committed 62504K, reserved 1103872K
  class space    used 6716K, capacity 8681K, committed 8752K, reserved 1048576K
}
Event: 5.997 GC heap before
{Heap before GC invocations=21 (full 3):
 PSYoungGen      total 155648K, used 155252K [0x00000000f5580000, 0x00000000fff00000, 0x0000000100000000)
  eden space 147968K, 100% used [0x00000000f5580000,0x00000000fe600000,0x00000000fe600000)
  from space 7680K, 94% used [0x00000000fe600000,0x00000000fed1d160,0x00000000fed80000)
  to   space 12800K, 0% used [0x00000000ff280000,0x00000000ff280000,0x00000000fff00000)
 ParOldGen       total 178176K, used 60631K [0x00000000e0000000, 0x00000000eae00000, 0x00000000f5580000)
  object space 178176K, 34% used [0x00000000e0000000,0x00000000e3b35f30,0x00000000eae00000)
 Metaspace       used 59957K, capacity 68682K, committed 68776K, reserved 1107968K
  class space    used 7551K, capacity 10082K, committed 10160K, reserved 1048576K
Event: 6.008 GC heap after
Heap after GC invocations=21 (full 3):
 PSYoungGen      total 159744K, used 12038K [0x00000000f5580000, 0x0000000100000000, 0x0000000100000000)
  eden space 146944K, 0% used [0x00000000f5580000,0x00000000f5580000,0x00000000fe500000)
  from space 12800K, 94% used [0x00000000ff280000,0x00000000ffe41988,0x00000000fff00000)
  to   space 13824K, 0% used [0x00000000fe500000,0x00000000fe500000,0x00000000ff280000)
 ParOldGen       total 178176K, used 60639K [0x00000000e0000000, 0x00000000eae00000, 0x00000000f5580000)
  object space 178176K, 34% used [0x00000000e0000000,0x00000000e3b37f30,0x00000000eae00000)
 Metaspace       used 59957K, capacity 68682K, committed 68776K, reserved 1107968K
  class space    used 7551K, capacity 10082K, committed 10160K, reserved 1048576K
}
Event: 6.306 GC heap before
{Heap before GC invocations=22 (full 3):
 PSYoungGen      total 159744K, used 158982K [0x00000000f5580000, 0x0000000100000000, 0x0000000100000000)
  eden space 146944K, 100% used [0x00000000f5580000,0x00000000fe500000,0x00000000fe500000)
  from space 12800K, 94% used [0x00000000ff280000,0x00000000ffe41988,0x00000000fff00000)
  to   space 13824K, 0% used [0x00000000fe500000,0x00000000fe500000,0x00000000ff280000)
 ParOldGen       total 178176K, used 60639K [0x00000000e0000000, 0x00000000eae00000, 0x00000000f5580000)
  object space 178176K, 34% used [0x00000000e0000000,0x00000000e3b37f30,0x00000000eae00000)
 Metaspace       used 61264K, capacity 70168K, committed 70440K, reserved 1110016K
  class space    used 7681K, capacity 10247K, committed 10288K, reserved 1048576K
Event: 6.317 GC heap after
Heap after GC invocations=22 (full 3):
 PSYoungGen      total 160768K, used 13811K [0x00000000f5580000, 0x0000000100000000, 0x0000000100000000)
  eden space 146944K, 0% used [0x00000000f5580000,0x00000000f5580000,0x00000000fe500000)
  from space 13824K, 99% used [0x00000000fe500000,0x00000000ff27ceb0,0x00000000ff280000)
  to   space 13824K, 0% used [0x00000000ff280000,0x00000000ff280000,0x0000000100000000)
 ParOldGen       total 178176K, used 61045K [0x00000000e0000000, 0x00000000eae00000, 0x00000000f5580000)
  object space 178176K, 34% used [0x00000000e0000000,0x00000000e3b9d6e8,0x00000000eae00000)
 Metaspace       used 61264K, capacity 70168K, committed 70440K, reserved 1110016K
  class space    used 7681K, capacity 10247K, committed 10288K, reserved 1048576K
}
Event: 6.590 GC heap before
{Heap before GC invocations=23 (full 3):
 PSYoungGen      total 160768K, used 160755K [0x00000000f5580000, 0x0000000100000000, 0x0000000100000000)
  eden space 146944K, 100% used [0x00000000f5580000,0x00000000fe500000,0x00000000fe500000)
  from space 13824K, 99% used [0x00000000fe500000,0x00000000ff27ceb0,0x00000000ff280000)
  to   space 13824K, 0% used [0x00000000ff280000,0x00000000ff280000,0x0000000100000000)
 ParOldGen       total 178176K, used 61045K [0x00000000e0000000, 0x00000000eae00000, 0x00000000f5580000)
  object space 178176K, 34% used [0x00000000e0000000,0x00000000e3b9d6e8,0x00000000eae00000)
 Metaspace       used 61455K, capacity 70638K, committed 70696K, reserved 1110016K
  class space    used 7695K, capacity 10272K, committed 10288K, reserved 1048576K
Event: 6.599 GC heap after
Heap after GC invocations=23 (full 3):
 PSYoungGen      total 153600K, used 13823K [0x00000000f5580000, 0x0000000100000000, 0x0000000100000000)
  eden space 139776K, 0% used [0x00000000f5580000,0x00000000f5580000,0x00000000fde00000)
  from space 13824K, 99% used [0x00000000ff280000,0x00000000ffffffe8,0x0000000100000000)
  to   space 17408K, 0% used [0x00000000fde00000,0x00000000fde00000,0x00000000fef00000)
 ParOldGen       total 178176K, used 62961K [0x00000000e0000000, 0x00000000eae00000, 0x00000000f5580000)
  object space 178176K, 35% used [0x00000000e0000000,0x00000000e3d7c790,0x00000000eae00000)
 Metaspace       used 61455K, capacity 70638K, committed 70696K, reserved 1110016K
  class space    used 7695K, capacity 10272K, committed 10288K, reserved 1048576K
}

