# JRE version: Java(TM) SE Runtime Environment (8.0_111-b14) (build 1.8.0_111-b14)
# Java VM: Java HotSpot(TM) 64-Bit Server VM (25.111-b14 mixed mode windows-amd64 compressed oops)
Heap:
 PSYoungGen      total 155136K, used 52385K [0x00000000f5580000, 0x0000000100000000, 0x0000000100000000)
  eden space 141824K, 27% used [0x00000000f5580000,0x00000000f7bd8d20,0x00000000fe000000)
  from space 13312K, 98% used [0x00000000ff300000,0x00000000fffcfa60,0x0000000100000000)
  to   space 16384K, 0% used [0x00000000fe000000,0x00000000fe000000,0x00000000ff000000)
 ParOldGen       total 178688K, used 64560K [0x00000000e0000000, 0x00000000eae80000, 0x00000000f5580000)
  object space 178688K, 36% used [0x00000000e0000000,0x00000000e3f0c2d0,0x00000000eae80000)
 Metaspace       used 61448K, capacity 70605K, committed 70704K, reserved 1110016K
  class space    used 7694K, capacity 10274K, committed 10288K, reserved 1048576K
GC Heap History (10 events):
Event: 5.235 GC heap before
{Heap before GC invocations=19 (full 3):
 PSYoungGen      total 161792K, used 153811K [0x00000000f5580000, 0x0000000100000000, 0x0000000100000000)
  eden space 148992K, 100% used [0x00000000f5580000,0x00000000fe700000,0x00000000fe700000)
  from space 12800K, 37% used [0x00000000fe700000,0x00000000febb4d58,0x00000000ff380000)
  to   space 12800K, 0% used [0x00000000ff380000,0x00000000ff380000,0x0000000100000000)
 ParOldGen       total 178688K, used 60551K [0x00000000e0000000, 0x00000000eae80000, 0x00000000f5580000)
  object space 178688K, 33% used [0x00000000e0000000,0x00000000e3b21f90,0x00000000eae80000)
 Metaspace       used 53634K, capacity 59601K, committed 59696K, reserved 1101824K
  class space    used 6355K, capacity 8174K, committed 8240K, reserved 1048576K
Event: 5.240 GC heap after
Heap after GC invocations=19 (full 3):
 PSYoungGen      total 160768K, used 6342K [0x00000000f5580000, 0x00000000fff00000, 0x0000000100000000)
  eden space 148992K, 0% used [0x00000000f5580000,0x00000000f5580000,0x00000000fe700000)
  from space 11776K, 53% used [0x00000000ff380000,0x00000000ff9b1868,0x00000000fff00000)
  to   space 12288K, 0% used [0x00000000fe700000,0x00000000fe700000,0x00000000ff300000)
 ParOldGen       total 178688K, used 60559K [0x00000000e0000000, 0x00000000eae80000, 0x00000000f5580000)
  object space 178688K, 33% used [0x00000000e0000000,0x00000000e3b23f90,0x00000000eae80000)
 Metaspace       used 53634K, capacity 59601K, committed 59696K, reserved 1101824K
  class space    used 6355K, capacity 8174K, committed 8240K, reserved 1048576K
}
Event: 5.523 GC heap before
{Heap before GC invocations=20 (full 3):
 PSYoungGen      total 160768K, used 155334K [0x00000000f5580000, 0x00000000fff00000, 0x0000000100000000)
  eden space 148992K, 100% used [0x00000000f5580000,0x00000000fe700000,0x00000000fe700000)
  from space 11776K, 53% used [0x00000000ff380000,0x00000000ff9b1868,0x00000000fff00000)
  to   space 12288K, 0% used [0x00000000fe700000,0x00000000fe700000,0x00000000ff300000)
 ParOldGen       total 178688K, used 60559K [0x00000000e0000000, 0x00000000eae80000, 0x00000000f5580000)
  object space 178688K, 33% used [0x00000000e0000000,0x00000000e3b23f90,0x00000000eae80000)
 Metaspace       used 55723K, capacity 62303K, committed 62512K, reserved 1103872K
  class space    used 6731K, capacity 8717K, committed 8752K, reserved 1048576K
Event: 5.528 GC heap after
Heap after GC invocations=20 (full 3):
 PSYoungGen      total 161280K, used 7423K [0x00000000f5580000, 0x00000000fff80000, 0x0000000100000000)
  eden space 148992K, 0% used [0x00000000f5580000,0x00000000f5580000,0x00000000fe700000)
  from space 12288K, 60% used [0x00000000fe700000,0x00000000fee3fd20,0x00000000ff300000)
  to   space 11776K, 0% used [0x00000000ff400000,0x00000000ff400000,0x00000000fff80000)
 ParOldGen       total 178688K, used 60567K [0x00000000e0000000, 0x00000000eae80000, 0x00000000f5580000)
  object space 178688K, 33% used [0x00000000e0000000,0x00000000e3b25f90,0x00000000eae80000)
 Metaspace       used 55723K, capacity 62303K, committed 62512K, reserved 1103872K
  class space    used 6731K, capacity 8717K, committed 8752K, reserved 1048576K
}
Event: 6.035 GC heap before
{Heap before GC invocations=21 (full 3):
 PSYoungGen      total 161280K, used 156415K [0x00000000f5580000, 0x00000000fff80000, 0x0000000100000000)
  eden space 148992K, 100% used [0x00000000f5580000,0x00000000fe700000,0x00000000fe700000)
  from space 12288K, 60% used [0x00000000fe700000,0x00000000fee3fd20,0x00000000ff300000)
  to   space 11776K, 0% used [0x00000000ff400000,0x00000000ff400000,0x00000000fff80000)
 ParOldGen       total 178688K, used 60567K [0x00000000e0000000, 0x00000000eae80000, 0x00000000f5580000)
  object space 178688K, 33% used [0x00000000e0000000,0x00000000e3b25f90,0x00000000eae80000)
 Metaspace       used 60099K, capacity 68815K, committed 69040K, reserved 1107968K
  class space    used 7574K, capacity 10115K, committed 10160K, reserved 1048576K
Event: 6.045 GC heap after
Heap after GC invocations=21 (full 3):
 PSYoungGen      total 159744K, used 11748K [0x00000000f5580000, 0x0000000100000000, 0x0000000100000000)
  eden space 147968K, 0% used [0x00000000f5580000,0x00000000f5580000,0x00000000fe600000)
  from space 11776K, 99% used [0x00000000ff400000,0x00000000fff79230,0x00000000fff80000)
  to   space 13312K, 0% used [0x00000000fe600000,0x00000000fe600000,0x00000000ff300000)
 ParOldGen       total 178688K, used 60905K [0x00000000e0000000, 0x00000000eae80000, 0x00000000f5580000)
  object space 178688K, 34% used [0x00000000e0000000,0x00000000e3b7a558,0x00000000eae80000)
 Metaspace       used 60099K, capacity 68815K, committed 69040K, reserved 1107968K
  class space    used 7574K, capacity 10115K, committed 10160K, reserved 1048576K
}
Event: 6.404 GC heap before
{Heap before GC invocations=22 (full 3):
 PSYoungGen      total 159744K, used 159716K [0x00000000f5580000, 0x0000000100000000, 0x0000000100000000)
  eden space 147968K, 100% used [0x00000000f5580000,0x00000000fe600000,0x00000000fe600000)
  from space 11776K, 99% used [0x00000000ff400000,0x00000000fff79230,0x00000000fff80000)
  to   space 13312K, 0% used [0x00000000fe600000,0x00000000fe600000,0x00000000ff300000)
 ParOldGen       total 178688K, used 60905K [0x00000000e0000000, 0x00000000eae80000, 0x00000000f5580000)
  object space 178688K, 34% used [0x00000000e0000000,0x00000000e3b7a558,0x00000000eae80000)
 Metaspace       used 61249K, capacity 70135K, committed 70192K, reserved 1110016K
  class space    used 7680K, capacity 10247K, committed 10288K, reserved 1048576K
Event: 6.415 GC heap after
Heap after GC invocations=22 (full 3):
 PSYoungGen      total 161280K, used 13302K [0x00000000f5580000, 0x0000000100000000, 0x0000000100000000)
  eden space 147968K, 0% used [0x00000000f5580000,0x00000000f5580000,0x00000000fe600000)
  from space 13312K, 99% used [0x00000000fe600000,0x00000000ff2fdba0,0x00000000ff300000)
  to   space 13312K, 0% used [0x00000000ff300000,0x00000000ff300000,0x0000000100000000)
 ParOldGen       total 178688K, used 61726K [0x00000000e0000000, 0x00000000eae80000, 0x00000000f5580000)
  object space 178688K, 34% used [0x00000000e0000000,0x00000000e3c478d8,0x00000000eae80000)
 Metaspace       used 61249K, capacity 70135K, committed 70192K, reserved 1110016K
  class space    used 7680K, capacity 10247K, committed 10288K, reserved 1048576K
}
Event: 6.704 GC heap before
{Heap before GC invocations=23 (full 3):
 PSYoungGen      total 161280K, used 161270K [0x00000000f5580000, 0x0000000100000000, 0x0000000100000000)
  eden space 147968K, 100% used [0x00000000f5580000,0x00000000fe600000,0x00000000fe600000)
  from space 13312K, 99% used [0x00000000fe600000,0x00000000ff2fdba0,0x00000000ff300000)
  to   space 13312K, 0% used [0x00000000ff300000,0x00000000ff300000,0x0000000100000000)
 ParOldGen       total 178688K, used 61726K [0x00000000e0000000, 0x00000000eae80000, 0x00000000f5580000)
  object space 178688K, 34% used [0x00000000e0000000,0x00000000e3c478d8,0x00000000eae80000)
 Metaspace       used 61440K, capacity 70539K, committed 70704K, reserved 1110016K
  class space    used 7694K, capacity 10273K, committed 10288K, reserved 1048576K
Event: 6.713 GC heap after
Heap after GC invocations=23 (full 3):
 PSYoungGen      total 155136K, used 13118K [0x00000000f5580000, 0x0000000100000000, 0x0000000100000000)
  eden space 141824K, 0% used [0x00000000f5580000,0x00000000f5580000,0x00000000fe000000)
  from space 13312K, 98% used [0x00000000ff300000,0x00000000fffcfa60,0x0000000100000000)
  to   space 16384K, 0% used [0x00000000fe000000,0x00000000fe000000,0x00000000ff000000)
 ParOldGen       total 178688K, used 64560K [0x00000000e0000000, 0x00000000eae80000, 0x00000000f5580000)
  object space 178688K, 36% used [0x00000000e0000000,0x00000000e3f0c2d0,0x00000000eae80000)
 Metaspace       used 61440K, capacity 70539K, committed 70704K, reserved 1110016K
  class space    used 7694K, capacity 10273K, committed 10288K, reserved 1048576K
}

