# JRE version: Java(TM) SE Runtime Environment (8.0_111-b14) (build 1.8.0_111-b14)
# Java VM: Java HotSpot(TM) 64-Bit Server VM (25.111-b14 mixed mode windows-amd64 compressed oops)
Heap:
 PSYoungGen      total 153600K, used 47097K [0x00000000f5580000, 0x0000000100000000, 0x0000000100000000)
  eden space 139776K, 23% used [0x00000000f5580000,0x00000000f7600b40,0x00000000fde00000)
  from space 13824K, 99% used [0x00000000ff280000,0x00000000ffffdb88,0x0000000100000000)
  to   space 17408K, 0% used [0x00000000fde00000,0x00000000fde00000,0x00000000fef00000)
 ParOldGen       total 179712K, used 62884K [0x00000000e0000000, 0x00000000eaf80000, 0x00000000f5580000)
  object space 179712K, 34% used [0x00000000e0000000,0x00000000e3d69058,0x00000000eaf80000)
 Metaspace       used 61464K, capacity 70588K, committed 70696K, reserved 1110016K
  class space    used 7694K, capacity 10273K, committed 10288K, reserved 1048576K
GC Heap History (10 events):
Event: 4.941 GC heap before
{Heap before GC invocations=19 (full 3):
 PSYoungGen      total 161280K, used 152547K [0x00000000f5580000, 0x0000000100000000, 0x0000000100000000)
  eden space 147968K, 100% used [0x00000000f5580000,0x00000000fe600000,0x00000000fe600000)
  from space 13312K, 34% used [0x00000000fe600000,0x00000000fea78d90,0x00000000ff300000)
  to   space 13312K, 0% used [0x00000000ff300000,0x00000000ff300000,0x0000000100000000)
 ParOldGen       total 179712K, used 60550K [0x00000000e0000000, 0x00000000eaf80000, 0x00000000f5580000)
  object space 179712K, 33% used [0x00000000e0000000,0x00000000e3b21a70,0x00000000eaf80000)
 Metaspace       used 53644K, capacity 59668K, committed 59944K, reserved 1101824K
  class space    used 6357K, capacity 8173K, committed 8240K, reserved 1048576K
Event: 4.947 GC heap after
Heap after GC invocations=19 (full 3):
 PSYoungGen      total 160256K, used 6236K [0x00000000f5580000, 0x00000000fff00000, 0x0000000100000000)
  eden space 147968K, 0% used [0x00000000f5580000,0x00000000f5580000,0x00000000fe600000)
  from space 12288K, 50% used [0x00000000ff300000,0x00000000ff9171d8,0x00000000fff00000)
  to   space 12800K, 0% used [0x00000000fe600000,0x00000000fe600000,0x00000000ff280000)
 ParOldGen       total 179712K, used 60558K [0x00000000e0000000, 0x00000000eaf80000, 0x00000000f5580000)
  object space 179712K, 33% used [0x00000000e0000000,0x00000000e3b23a70,0x00000000eaf80000)
 Metaspace       used 53644K, capacity 59668K, committed 59944K, reserved 1101824K
  class space    used 6357K, capacity 8173K, committed 8240K, reserved 1048576K
}
Event: 5.238 GC heap before
{Heap before GC invocations=20 (full 3):
 PSYoungGen      total 160256K, used 154204K [0x00000000f5580000, 0x00000000fff00000, 0x0000000100000000)
  eden space 147968K, 100% used [0x00000000f5580000,0x00000000fe600000,0x00000000fe600000)
  from space 12288K, 50% used [0x00000000ff300000,0x00000000ff9171d8,0x00000000fff00000)
  to   space 12800K, 0% used [0x00000000fe600000,0x00000000fe600000,0x00000000ff280000)
 ParOldGen       total 179712K, used 60558K [0x00000000e0000000, 0x00000000eaf80000, 0x00000000f5580000)
  object space 179712K, 33% used [0x00000000e0000000,0x00000000e3b23a70,0x00000000eaf80000)
 Metaspace       used 55673K, capacity 62188K, committed 62504K, reserved 1103872K
  class space    used 6715K, capacity 8681K, committed 8752K, reserved 1048576K
Event: 5.244 GC heap after
Heap after GC invocations=20 (full 3):
 PSYoungGen      total 160768K, used 7251K [0x00000000f5580000, 0x00000000fff80000, 0x0000000100000000)
  eden space 147968K, 0% used [0x00000000f5580000,0x00000000f5580000,0x00000000fe600000)
  from space 12800K, 56% used [0x00000000fe600000,0x00000000fed14d60,0x00000000ff280000)
  to   space 12288K, 0% used [0x00000000ff380000,0x00000000ff380000,0x00000000fff80000)
 ParOldGen       total 179712K, used 60566K [0x00000000e0000000, 0x00000000eaf80000, 0x00000000f5580000)
  object space 179712K, 33% used [0x00000000e0000000,0x00000000e3b25a70,0x00000000eaf80000)
 Metaspace       used 55673K, capacity 62188K, committed 62504K, reserved 1103872K
  class space    used 6715K, capacity 8681K, committed 8752K, reserved 1048576K
}
Event: 5.740 GC heap before
{Heap before GC invocations=21 (full 3):
 PSYoungGen      total 160768K, used 155219K [0x00000000f5580000, 0x00000000fff80000, 0x0000000100000000)
  eden space 147968K, 100% used [0x00000000f5580000,0x00000000fe600000,0x00000000fe600000)
  from space 12800K, 56% used [0x00000000fe600000,0x00000000fed14d60,0x00000000ff280000)
  to   space 12288K, 0% used [0x00000000ff380000,0x00000000ff380000,0x00000000fff80000)
 ParOldGen       total 179712K, used 60566K [0x00000000e0000000, 0x00000000eaf80000, 0x00000000f5580000)
  object space 179712K, 33% used [0x00000000e0000000,0x00000000e3b25a70,0x00000000eaf80000)
 Metaspace       used 59957K, capacity 68670K, committed 68776K, reserved 1107968K
  class space    used 7553K, capacity 10082K, committed 10160K, reserved 1048576K
Event: 5.748 GC heap after
Heap after GC invocations=21 (full 3):
 PSYoungGen      total 159232K, used 12189K [0x00000000f5580000, 0x0000000100000000, 0x0000000100000000)
  eden space 146944K, 0% used [0x00000000f5580000,0x00000000f5580000,0x00000000fe500000)
  from space 12288K, 99% used [0x00000000ff380000,0x00000000fff67738,0x00000000fff80000)
  to   space 13824K, 0% used [0x00000000fe500000,0x00000000fe500000,0x00000000ff280000)
 ParOldGen       total 179712K, used 60574K [0x00000000e0000000, 0x00000000eaf80000, 0x00000000f5580000)
  object space 179712K, 33% used [0x00000000e0000000,0x00000000e3b27a70,0x00000000eaf80000)
 Metaspace       used 59957K, capacity 68670K, committed 68776K, reserved 1107968K
  class space    used 7553K, capacity 10082K, committed 10160K, reserved 1048576K
}
Event: 6.027 GC heap before
{Heap before GC invocations=22 (full 3):
 PSYoungGen      total 159232K, used 159133K [0x00000000f5580000, 0x0000000100000000, 0x0000000100000000)
  eden space 146944K, 100% used [0x00000000f5580000,0x00000000fe500000,0x00000000fe500000)
  from space 12288K, 99% used [0x00000000ff380000,0x00000000fff67738,0x00000000fff80000)
  to   space 13824K, 0% used [0x00000000fe500000,0x00000000fe500000,0x00000000ff280000)
 ParOldGen       total 179712K, used 60574K [0x00000000e0000000, 0x00000000eaf80000, 0x00000000f5580000)
  object space 179712K, 33% used [0x00000000e0000000,0x00000000e3b27a70,0x00000000eaf80000)
 Metaspace       used 61263K, capacity 70152K, committed 70440K, reserved 1110016K
  class space    used 7680K, capacity 10247K, committed 10288K, reserved 1048576K
Event: 6.036 GC heap after
Heap after GC invocations=22 (full 3):
 PSYoungGen      total 160768K, used 13811K [0x00000000f5580000, 0x0000000100000000, 0x0000000100000000)
  eden space 146944K, 0% used [0x00000000f5580000,0x00000000f5580000,0x00000000fe500000)
  from space 13824K, 99% used [0x00000000fe500000,0x00000000ff27ceb0,0x00000000ff280000)
  to   space 13824K, 0% used [0x00000000ff280000,0x00000000ff280000,0x0000000100000000)
 ParOldGen       total 179712K, used 60983K [0x00000000e0000000, 0x00000000eaf80000, 0x00000000f5580000)
  object space 179712K, 33% used [0x00000000e0000000,0x00000000e3b8dfb0,0x00000000eaf80000)
 Metaspace       used 61263K, capacity 70152K, committed 70440K, reserved 1110016K
  class space    used 7680K, capacity 10247K, committed 10288K, reserved 1048576K
}
Event: 6.305 GC heap before
{Heap before GC invocations=23 (full 3):
 PSYoungGen      total 160768K, used 160755K [0x00000000f5580000, 0x0000000100000000, 0x0000000100000000)
  eden space 146944K, 100% used [0x00000000f5580000,0x00000000fe500000,0x00000000fe500000)
  from space 13824K, 99% used [0x00000000fe500000,0x00000000ff27ceb0,0x00000000ff280000)
  to   space 13824K, 0% used [0x00000000ff280000,0x00000000ff280000,0x0000000100000000)
 ParOldGen       total 179712K, used 60983K [0x00000000e0000000, 0x00000000eaf80000, 0x00000000f5580000)
  object space 179712K, 33% used [0x00000000e0000000,0x00000000e3b8dfb0,0x00000000eaf80000)
 Metaspace       used 61456K, capacity 70586K, committed 70696K, reserved 1110016K
  class space    used 7694K, capacity 10272K, committed 10288K, reserved 1048576K
Event: 6.316 GC heap after
Heap after GC invocations=23 (full 3):
 PSYoungGen      total 153600K, used 13814K [0x00000000f5580000, 0x0000000100000000, 0x0000000100000000)
  eden space 139776K, 0% used [0x00000000f5580000,0x00000000f5580000,0x00000000fde00000)
  from space 13824K, 99% used [0x00000000ff280000,0x00000000ffffdb88,0x0000000100000000)
  to   space 17408K, 0% used [0x00000000fde00000,0x00000000fde00000,0x00000000fef00000)
 ParOldGen       total 179712K, used 62884K [0x00000000e0000000, 0x00000000eaf80000, 0x00000000f5580000)
  object space 179712K, 34% used [0x00000000e0000000,0x00000000e3d69058,0x00000000eaf80000)
 Metaspace       used 61456K, capacity 70586K, committed 70696K, reserved 1110016K
  class space    used 7694K, capacity 10272K, committed 10288K, reserved 1048576K
}

