# JRE version: Java(TM) SE Runtime Environment (8.0_111-b14) (build 1.8.0_111-b14)
# Java VM: Java HotSpot(TM) 64-Bit Server VM (25.111-b14 mixed mode windows-amd64 compressed oops)
Heap:
 PSYoungGen      total 153600K, used 69076K [0x00000000f5580000, 0x0000000100000000, 0x0000000100000000)
  eden space 139776K, 39% used [0x00000000f5580000,0x00000000f8b776a0,0x00000000fde00000)
  from space 13824K, 99% used [0x00000000ff280000,0x00000000ffffdb88,0x0000000100000000)
  to   space 17408K, 0% used [0x00000000fde00000,0x00000000fde00000,0x00000000fef00000)
 ParOldGen       total 175616K, used 62791K [0x00000000e0000000, 0x00000000eab80000, 0x00000000f5580000)
  object space 175616K, 35% used [0x00000000e0000000,0x00000000e3d51de8,0x00000000eab80000)
 Metaspace       used 61497K, capacity 70632K, committed 70696K, reserved 1110016K
  class space    used 7695K, capacity 10273K, committed 10288K, reserved 1048576K
GC Heap History (10 events):
Event: 4.799 GC heap before
{Heap before GC invocations=19 (full 3):
 PSYoungGen      total 160768K, used 151523K [0x00000000f5580000, 0x0000000100000000, 0x0000000100000000)
  eden space 146944K, 100% used [0x00000000f5580000,0x00000000fe500000,0x00000000fe500000)
  from space 13824K, 33% used [0x00000000fe500000,0x00000000fe978e50,0x00000000ff280000)
  to   space 13824K, 0% used [0x00000000ff280000,0x00000000ff280000,0x0000000100000000)
 ParOldGen       total 175616K, used 60759K [0x00000000e0000000, 0x00000000eab80000, 0x00000000f5580000)
  object space 175616K, 34% used [0x00000000e0000000,0x00000000e3b55f88,0x00000000eab80000)
 Metaspace       used 53613K, capacity 59576K, committed 59944K, reserved 1101824K
  class space    used 6353K, capacity 8141K, committed 8240K, reserved 1048576K
Event: 4.804 GC heap after
Heap after GC invocations=19 (full 3):
 PSYoungGen      total 159744K, used 6200K [0x00000000f5580000, 0x00000000fff00000, 0x0000000100000000)
  eden space 146944K, 0% used [0x00000000f5580000,0x00000000f5580000,0x00000000fe500000)
  from space 12800K, 48% used [0x00000000ff280000,0x00000000ff88e058,0x00000000fff00000)
  to   space 13312K, 0% used [0x00000000fe500000,0x00000000fe500000,0x00000000ff200000)
 ParOldGen       total 175616K, used 60759K [0x00000000e0000000, 0x00000000eab80000, 0x00000000f5580000)
  object space 175616K, 34% used [0x00000000e0000000,0x00000000e3b55f88,0x00000000eab80000)
 Metaspace       used 53613K, capacity 59576K, committed 59944K, reserved 1101824K
  class space    used 6353K, capacity 8141K, committed 8240K, reserved 1048576K
}
Event: 5.070 GC heap before
{Heap before GC invocations=20 (full 3):
 PSYoungGen      total 159744K, used 153144K [0x00000000f5580000, 0x00000000fff00000, 0x0000000100000000)
  eden space 146944K, 100% used [0x00000000f5580000,0x00000000fe500000,0x00000000fe500000)
  from space 12800K, 48% used [0x00000000ff280000,0x00000000ff88e058,0x00000000fff00000)
  to   space 13312K, 0% used [0x00000000fe500000,0x00000000fe500000,0x00000000ff200000)
 ParOldGen       total 175616K, used 60759K [0x00000000e0000000, 0x00000000eab80000, 0x00000000f5580000)
  object space 175616K, 34% used [0x00000000e0000000,0x00000000e3b55f88,0x00000000eab80000)
 Metaspace       used 55539K, capacity 61958K, committed 62120K, reserved 1103872K
  class space    used 6678K, capacity 8618K, committed 8624K, reserved 1048576K
Event: 5.075 GC heap after
Heap after GC invocations=20 (full 3):
 PSYoungGen      total 160256K, used 7380K [0x00000000f5580000, 0x00000000fff80000, 0x0000000100000000)
  eden space 146944K, 0% used [0x00000000f5580000,0x00000000f5580000,0x00000000fe500000)
  from space 13312K, 55% used [0x00000000fe500000,0x00000000fec35160,0x00000000ff200000)
  to   space 12800K, 0% used [0x00000000ff300000,0x00000000ff300000,0x00000000fff80000)
 ParOldGen       total 175616K, used 60767K [0x00000000e0000000, 0x00000000eab80000, 0x00000000f5580000)
  object space 175616K, 34% used [0x00000000e0000000,0x00000000e3b57f88,0x00000000eab80000)
 Metaspace       used 55539K, capacity 61958K, committed 62120K, reserved 1103872K
  class space    used 6678K, capacity 8618K, committed 8624K, reserved 1048576K
}
Event: 5.634 GC heap before
{Heap before GC invocations=21 (full 3):
 PSYoungGen      total 160256K, used 154324K [0x00000000f5580000, 0x00000000fff80000, 0x0000000100000000)
  eden space 146944K, 100% used [0x00000000f5580000,0x00000000fe500000,0x00000000fe500000)
  from space 13312K, 55% used [0x00000000fe500000,0x00000000fec35160,0x00000000ff200000)
  to   space 12800K, 0% used [0x00000000ff300000,0x00000000ff300000,0x00000000fff80000)
 ParOldGen       total 175616K, used 60767K [0x00000000e0000000, 0x00000000eab80000, 0x00000000f5580000)
  object space 175616K, 34% used [0x00000000e0000000,0x00000000e3b57f88,0x00000000eab80000)
 Metaspace       used 59897K, capacity 68634K, committed 68776K, reserved 1107968K
  class space    used 7545K, capacity 10082K, committed 10160K, reserved 1048576K
Event: 5.644 GC heap after
Heap after GC invocations=21 (full 3):
 PSYoungGen      total 159744K, used 11800K [0x00000000f5580000, 0x0000000100000000, 0x0000000100000000)
  eden space 146944K, 0% used [0x00000000f5580000,0x00000000f5580000,0x00000000fe500000)
  from space 12800K, 92% used [0x00000000ff300000,0x00000000ffe86210,0x00000000fff80000)
  to   space 13824K, 0% used [0x00000000fe500000,0x00000000fe500000,0x00000000ff280000)
 ParOldGen       total 175616K, used 60775K [0x00000000e0000000, 0x00000000eab80000, 0x00000000f5580000)
  object space 175616K, 34% used [0x00000000e0000000,0x00000000e3b59f88,0x00000000eab80000)
 Metaspace       used 59897K, capacity 68634K, committed 68776K, reserved 1107968K
  class space    used 7545K, capacity 10082K, committed 10160K, reserved 1048576K
}
Event: 5.920 GC heap before
{Heap before GC invocations=22 (full 3):
 PSYoungGen      total 159744K, used 158744K [0x00000000f5580000, 0x0000000100000000, 0x0000000100000000)
  eden space 146944K, 100% used [0x00000000f5580000,0x00000000fe500000,0x00000000fe500000)
  from space 12800K, 92% used [0x00000000ff300000,0x00000000ffe86210,0x00000000fff80000)
  to   space 13824K, 0% used [0x00000000fe500000,0x00000000fe500000,0x00000000ff280000)
 ParOldGen       total 175616K, used 60775K [0x00000000e0000000, 0x00000000eab80000, 0x00000000f5580000)
  object space 175616K, 34% used [0x00000000e0000000,0x00000000e3b59f88,0x00000000eab80000)
 Metaspace       used 61284K, capacity 70134K, committed 70184K, reserved 1110016K
  class space    used 7681K, capacity 10246K, committed 10288K, reserved 1048576K
Event: 5.929 GC heap after
Heap after GC invocations=22 (full 3):
 PSYoungGen      total 160768K, used 13802K [0x00000000f5580000, 0x0000000100000000, 0x0000000100000000)
  eden space 146944K, 0% used [0x00000000f5580000,0x00000000f5580000,0x00000000fe500000)
  from space 13824K, 99% used [0x00000000fe500000,0x00000000ff27aa50,0x00000000ff280000)
  to   space 13824K, 0% used [0x00000000ff280000,0x00000000ff280000,0x0000000100000000)
 ParOldGen       total 175616K, used 61319K [0x00000000e0000000, 0x00000000eab80000, 0x00000000f5580000)
  object space 175616K, 34% used [0x00000000e0000000,0x00000000e3be1e30,0x00000000eab80000)
 Metaspace       used 61284K, capacity 70134K, committed 70184K, reserved 1110016K
  class space    used 7681K, capacity 10246K, committed 10288K, reserved 1048576K
}
Event: 6.247 GC heap before
{Heap before GC invocations=23 (full 3):
 PSYoungGen      total 160768K, used 160746K [0x00000000f5580000, 0x0000000100000000, 0x0000000100000000)
  eden space 146944K, 100% used [0x00000000f5580000,0x00000000fe500000,0x00000000fe500000)
  from space 13824K, 99% used [0x00000000fe500000,0x00000000ff27aa50,0x00000000ff280000)
  to   space 13824K, 0% used [0x00000000ff280000,0x00000000ff280000,0x0000000100000000)
 ParOldGen       total 175616K, used 61319K [0x00000000e0000000, 0x00000000eab80000, 0x00000000f5580000)
  object space 175616K, 34% used [0x00000000e0000000,0x00000000e3be1e30,0x00000000eab80000)
 Metaspace       used 61481K, capacity 70610K, committed 70696K, reserved 1110016K
  class space    used 7695K, capacity 10272K, committed 10288K, reserved 1048576K
Event: 6.255 GC heap after
Heap after GC invocations=23 (full 3):
 PSYoungGen      total 153600K, used 13814K [0x00000000f5580000, 0x0000000100000000, 0x0000000100000000)
  eden space 139776K, 0% used [0x00000000f5580000,0x00000000f5580000,0x00000000fde00000)
  from space 13824K, 99% used [0x00000000ff280000,0x00000000ffffdb88,0x0000000100000000)
  to   space 17408K, 0% used [0x00000000fde00000,0x00000000fde00000,0x00000000fef00000)
 ParOldGen       total 175616K, used 62791K [0x00000000e0000000, 0x00000000eab80000, 0x00000000f5580000)
  object space 175616K, 35% used [0x00000000e0000000,0x00000000e3d51de8,0x00000000eab80000)
 Metaspace       used 61481K, capacity 70610K, committed 70696K, reserved 1110016K
  class space    used 7695K, capacity 10272K, committed 10288K, reserved 1048576K
}

