# JRE version: Java(TM) SE Runtime Environment (8.0_111-b14) (build 1.8.0_111-b14)
# Java VM: Java HotSpot(TM) 64-Bit Server VM (25.111-b14 mixed mode windows-amd64 compressed oops)
Heap:
 PSYoungGen      total 153600K, used 71845K [0x00000000f5580000, 0x0000000100000000, 0x0000000100000000)
  eden space 139776K, 41% used [0x00000000f5580000,0x00000000f8e2ba50,0x00000000fde00000)
  from space 13824K, 99% used [0x00000000ff280000,0x00000000ffffdb88,0x0000000100000000)
  to   space 17408K, 0% used [0x00000000fde00000,0x00000000fde00000,0x00000000fef00000)
 ParOldGen       total 176640K, used 62752K [0x00000000e0000000, 0x00000000eac80000, 0x00000000f5580000)
  object space 176640K, 35% used [0x00000000e0000000,0x00000000e3d48278,0x00000000eac80000)
 Metaspace       used 61457K, capacity 70540K, committed 70696K, reserved 1110016K
  class space    used 7695K, capacity 10273K, committed 10288K, reserved 1048576K
GC Heap History (10 events):
Event: 5.104 GC heap before
{Heap before GC invocations=19 (full 3):
 PSYoungGen      total 160768K, used 151587K [0x00000000f5580000, 0x0000000100000000, 0x0000000100000000)
  eden space 146944K, 100% used [0x00000000f5580000,0x00000000fe500000,0x00000000fe500000)
  from space 13824K, 33% used [0x00000000fe500000,0x00000000fe988e50,0x00000000ff280000)
  to   space 13824K, 0% used [0x00000000ff280000,0x00000000ff280000,0x0000000100000000)
 ParOldGen       total 176640K, used 60756K [0x00000000e0000000, 0x00000000eac80000, 0x00000000f5580000)
  object space 176640K, 34% used [0x00000000e0000000,0x00000000e3b55180,0x00000000eac80000)
 Metaspace       used 53609K, capacity 59536K, committed 59688K, reserved 1101824K
  class space    used 6354K, capacity 8173K, committed 8240K, reserved 1048576K
Event: 5.109 GC heap after
Heap after GC invocations=19 (full 3):
 PSYoungGen      total 159744K, used 6201K [0x00000000f5580000, 0x00000000fff00000, 0x0000000100000000)
  eden space 146944K, 0% used [0x00000000f5580000,0x00000000f5580000,0x00000000fe500000)
  from space 12800K, 48% used [0x00000000ff280000,0x00000000ff88e420,0x00000000fff00000)
  to   space 13312K, 0% used [0x00000000fe500000,0x00000000fe500000,0x00000000ff200000)
 ParOldGen       total 176640K, used 60764K [0x00000000e0000000, 0x00000000eac80000, 0x00000000f5580000)
  object space 176640K, 34% used [0x00000000e0000000,0x00000000e3b57180,0x00000000eac80000)
 Metaspace       used 53609K, capacity 59536K, committed 59688K, reserved 1101824K
  class space    used 6354K, capacity 8173K, committed 8240K, reserved 1048576K
}
Event: 5.383 GC heap before
{Heap before GC invocations=20 (full 3):
 PSYoungGen      total 159744K, used 153145K [0x00000000f5580000, 0x00000000fff00000, 0x0000000100000000)
  eden space 146944K, 100% used [0x00000000f5580000,0x00000000fe500000,0x00000000fe500000)
  from space 12800K, 48% used [0x00000000ff280000,0x00000000ff88e420,0x00000000fff00000)
  to   space 13312K, 0% used [0x00000000fe500000,0x00000000fe500000,0x00000000ff200000)
 ParOldGen       total 176640K, used 60764K [0x00000000e0000000, 0x00000000eac80000, 0x00000000f5580000)
  object space 176640K, 34% used [0x00000000e0000000,0x00000000e3b57180,0x00000000eac80000)
 Metaspace       used 55524K, capacity 61958K, committed 62120K, reserved 1103872K
  class space    used 6678K, capacity 8618K, committed 8624K, reserved 1048576K
Event: 5.388 GC heap after
Heap after GC invocations=20 (full 3):
 PSYoungGen      total 160256K, used 7353K [0x00000000f5580000, 0x00000000fff80000, 0x0000000100000000)
  eden space 146944K, 0% used [0x00000000f5580000,0x00000000f5580000,0x00000000fe500000)
  from space 13312K, 55% used [0x00000000fe500000,0x00000000fec2e618,0x00000000ff200000)
  to   space 12800K, 0% used [0x00000000ff300000,0x00000000ff300000,0x00000000fff80000)
 ParOldGen       total 176640K, used 60772K [0x00000000e0000000, 0x00000000eac80000, 0x00000000f5580000)
  object space 176640K, 34% used [0x00000000e0000000,0x00000000e3b59180,0x00000000eac80000)
 Metaspace       used 55524K, capacity 61958K, committed 62120K, reserved 1103872K
  class space    used 6678K, capacity 8618K, committed 8624K, reserved 1048576K
}
Event: 5.912 GC heap before
{Heap before GC invocations=21 (full 3):
 PSYoungGen      total 160256K, used 154297K [0x00000000f5580000, 0x00000000fff80000, 0x0000000100000000)
  eden space 146944K, 100% used [0x00000000f5580000,0x00000000fe500000,0x00000000fe500000)
  from space 13312K, 55% used [0x00000000fe500000,0x00000000fec2e618,0x00000000ff200000)
  to   space 12800K, 0% used [0x00000000ff300000,0x00000000ff300000,0x00000000fff80000)
 ParOldGen       total 176640K, used 60772K [0x00000000e0000000, 0x00000000eac80000, 0x00000000f5580000)
  object space 176640K, 34% used [0x00000000e0000000,0x00000000e3b59180,0x00000000eac80000)
 Metaspace       used 59874K, capacity 68634K, committed 68776K, reserved 1107968K
  class space    used 7544K, capacity 10082K, committed 10160K, reserved 1048576K
Event: 5.922 GC heap after
Heap after GC invocations=21 (full 3):
 PSYoungGen      total 159744K, used 11785K [0x00000000f5580000, 0x0000000100000000, 0x0000000100000000)
  eden space 146944K, 0% used [0x00000000f5580000,0x00000000f5580000,0x00000000fe500000)
  from space 12800K, 92% used [0x00000000ff300000,0x00000000ffe82478,0x00000000fff80000)
  to   space 13824K, 0% used [0x00000000fe500000,0x00000000fe500000,0x00000000ff280000)
 ParOldGen       total 176640K, used 60780K [0x00000000e0000000, 0x00000000eac80000, 0x00000000f5580000)
  object space 176640K, 34% used [0x00000000e0000000,0x00000000e3b5b180,0x00000000eac80000)
 Metaspace       used 59874K, capacity 68634K, committed 68776K, reserved 1107968K
  class space    used 7544K, capacity 10082K, committed 10160K, reserved 1048576K
}
Event: 6.209 GC heap before
{Heap before GC invocations=22 (full 3):
 PSYoungGen      total 159744K, used 158729K [0x00000000f5580000, 0x0000000100000000, 0x0000000100000000)
  eden space 146944K, 100% used [0x00000000f5580000,0x00000000fe500000,0x00000000fe500000)
  from space 12800K, 92% used [0x00000000ff300000,0x00000000ffe82478,0x00000000fff80000)
  to   space 13824K, 0% used [0x00000000fe500000,0x00000000fe500000,0x00000000ff280000)
 ParOldGen       total 176640K, used 60780K [0x00000000e0000000, 0x00000000eac80000, 0x00000000f5580000)
  object space 176640K, 34% used [0x00000000e0000000,0x00000000e3b5b180,0x00000000eac80000)
 Metaspace       used 61263K, capacity 70140K, committed 70184K, reserved 1110016K
  class space    used 7681K, capacity 10247K, committed 10288K, reserved 1048576K
Event: 6.218 GC heap after
Heap after GC invocations=22 (full 3):
 PSYoungGen      total 160768K, used 13814K [0x00000000f5580000, 0x0000000100000000, 0x0000000100000000)
  eden space 146944K, 0% used [0x00000000f5580000,0x00000000f5580000,0x00000000fe500000)
  from space 13824K, 99% used [0x00000000fe500000,0x00000000ff27d820,0x00000000ff280000)
  to   space 13824K, 0% used [0x00000000ff280000,0x00000000ff280000,0x0000000100000000)
 ParOldGen       total 176640K, used 61288K [0x00000000e0000000, 0x00000000eac80000, 0x00000000f5580000)
  object space 176640K, 34% used [0x00000000e0000000,0x00000000e3bda0e0,0x00000000eac80000)
 Metaspace       used 61263K, capacity 70140K, committed 70184K, reserved 1110016K
  class space    used 7681K, capacity 10247K, committed 10288K, reserved 1048576K
}
Event: 6.498 GC heap before
{Heap before GC invocations=23 (full 3):
 PSYoungGen      total 160768K, used 160758K [0x00000000f5580000, 0x0000000100000000, 0x0000000100000000)
  eden space 146944K, 100% used [0x00000000f5580000,0x00000000fe500000,0x00000000fe500000)
  from space 13824K, 99% used [0x00000000fe500000,0x00000000ff27d820,0x00000000ff280000)
  to   space 13824K, 0% used [0x00000000ff280000,0x00000000ff280000,0x0000000100000000)
 ParOldGen       total 176640K, used 61288K [0x00000000e0000000, 0x00000000eac80000, 0x00000000f5580000)
  object space 176640K, 34% used [0x00000000e0000000,0x00000000e3bda0e0,0x00000000eac80000)
 Metaspace       used 61440K, capacity 70450K, committed 70696K, reserved 1110016K
  class space    used 7695K, capacity 10272K, committed 10288K, reserved 1048576K
Event: 6.508 GC heap after
Heap after GC invocations=23 (full 3):
 PSYoungGen      total 153600K, used 13814K [0x00000000f5580000, 0x0000000100000000, 0x0000000100000000)
  eden space 139776K, 0% used [0x00000000f5580000,0x00000000f5580000,0x00000000fde00000)
  from space 13824K, 99% used [0x00000000ff280000,0x00000000ffffdb88,0x0000000100000000)
  to   space 17408K, 0% used [0x00000000fde00000,0x00000000fde00000,0x00000000fef00000)
 ParOldGen       total 176640K, used 62752K [0x00000000e0000000, 0x00000000eac80000, 0x00000000f5580000)
  object space 176640K, 35% used [0x00000000e0000000,0x00000000e3d48278,0x00000000eac80000)
 Metaspace       used 61440K, capacity 70450K, committed 70696K, reserved 1110016K
  class space    used 7695K, capacity 10272K, committed 10288K, reserved 1048576K
}

