# JRE version: Java(TM) SE Runtime Environment (8.0_111-b14) (build 1.8.0_111-b14)
# Java VM: Java HotSpot(TM) 64-Bit Server VM (25.111-b14 mixed mode windows-amd64 compressed oops)
Heap:
 PSYoungGen      total 159744K, used 79646K [0x00000000f5580000, 0x0000000100000000, 0x0000000100000000)
  eden space 150016K, 46% used [0x00000000f5580000,0x00000000f99f0470,0x00000000fe800000)
  from space 9728K, 98% used [0x00000000fe800000,0x00000000ff157640,0x00000000ff180000)
  to   space 12800K, 0% used [0x00000000ff380000,0x00000000ff380000,0x0000000100000000)
 ParOldGen       total 170496K, used 66964K [0x00000000e0000000, 0x00000000ea680000, 0x00000000f5580000)
  object space 170496K, 39% used [0x00000000e0000000,0x00000000e41653a8,0x00000000ea680000)
 Metaspace       used 61416K, capacity 70430K, committed 70696K, reserved 1110016K
  class space    used 7694K, capacity 10270K, committed 10288K, reserved 1048576K
GC Heap History (10 events):
Event: 4.604 GC heap before
{Heap before GC invocations=18 (full 3):
 PSYoungGen      total 162304K, used 151040K [0x00000000f5580000, 0x00000000fff80000, 0x0000000100000000)
  eden space 151040K, 100% used [0x00000000f5580000,0x00000000fe900000,0x00000000fe900000)
  from space 11264K, 0% used [0x00000000ff400000,0x00000000ff400000,0x00000000fff00000)
  to   space 11264K, 0% used [0x00000000fe900000,0x00000000fe900000,0x00000000ff400000)
 ParOldGen       total 170496K, used 60786K [0x00000000e0000000, 0x00000000ea680000, 0x00000000f5580000)
  object space 170496K, 35% used [0x00000000e0000000,0x00000000e3b5c840,0x00000000ea680000)
 Metaspace       used 50110K, capacity 56014K, committed 56360K, reserved 1097728K
  class space    used 6093K, capacity 7884K, committed 7984K, reserved 1048576K
Event: 4.607 GC heap after
Heap after GC invocations=18 (full 3):
 PSYoungGen      total 162304K, used 4809K [0x00000000f5580000, 0x0000000100000000, 0x0000000100000000)
  eden space 151040K, 0% used [0x00000000f5580000,0x00000000f5580000,0x00000000fe900000)
  from space 11264K, 42% used [0x00000000fe900000,0x00000000fedb25b8,0x00000000ff400000)
  to   space 11264K, 0% used [0x00000000ff500000,0x00000000ff500000,0x0000000100000000)
 ParOldGen       total 170496K, used 60794K [0x00000000e0000000, 0x00000000ea680000, 0x00000000f5580000)
  object space 170496K, 35% used [0x00000000e0000000,0x00000000e3b5e840,0x00000000ea680000)
 Metaspace       used 50110K, capacity 56014K, committed 56360K, reserved 1097728K
  class space    used 6093K, capacity 7884K, committed 7984K, reserved 1048576K
}
Event: 4.914 GC heap before
{Heap before GC invocations=19 (full 3):
 PSYoungGen      total 162304K, used 155849K [0x00000000f5580000, 0x0000000100000000, 0x0000000100000000)
  eden space 151040K, 100% used [0x00000000f5580000,0x00000000fe900000,0x00000000fe900000)
  from space 11264K, 42% used [0x00000000fe900000,0x00000000fedb25b8,0x00000000ff400000)
  to   space 11264K, 0% used [0x00000000ff500000,0x00000000ff500000,0x0000000100000000)
 ParOldGen       total 170496K, used 60794K [0x00000000e0000000, 0x00000000ea680000, 0x00000000f5580000)
  object space 170496K, 35% used [0x00000000e0000000,0x00000000e3b5e840,0x00000000ea680000)
 Metaspace       used 53650K, capacity 59668K, committed 59944K, reserved 1101824K
  class space    used 6358K, capacity 8173K, committed 8240K, reserved 1048576K
Event: 4.918 GC heap after
Heap after GC invocations=19 (full 3):
 PSYoungGen      total 162304K, used 6165K [0x00000000f5580000, 0x00000000fff00000, 0x0000000100000000)
  eden space 152064K, 0% used [0x00000000f5580000,0x00000000f5580000,0x00000000fea00000)
  from space 10240K, 60% used [0x00000000ff500000,0x00000000ffb05488,0x00000000fff00000)
  to   space 10752K, 0% used [0x00000000fea00000,0x00000000fea00000,0x00000000ff480000)
 ParOldGen       total 170496K, used 60802K [0x00000000e0000000, 0x00000000ea680000, 0x00000000f5580000)
  object space 170496K, 35% used [0x00000000e0000000,0x00000000e3b60840,0x00000000ea680000)
 Metaspace       used 53650K, capacity 59668K, committed 59944K, reserved 1101824K
  class space    used 6358K, capacity 8173K, committed 8240K, reserved 1048576K
}
Event: 5.237 GC heap before
{Heap before GC invocations=20 (full 3):
 PSYoungGen      total 162304K, used 158229K [0x00000000f5580000, 0x00000000fff00000, 0x0000000100000000)
  eden space 152064K, 100% used [0x00000000f5580000,0x00000000fea00000,0x00000000fea00000)
  from space 10240K, 60% used [0x00000000ff500000,0x00000000ffb05488,0x00000000fff00000)
  to   space 10752K, 0% used [0x00000000fea00000,0x00000000fea00000,0x00000000ff480000)
 ParOldGen       total 170496K, used 60802K [0x00000000e0000000, 0x00000000ea680000, 0x00000000f5580000)
  object space 170496K, 35% used [0x00000000e0000000,0x00000000e3b60840,0x00000000ea680000)
 Metaspace       used 55876K, capacity 62512K, committed 62760K, reserved 1103872K
  class space    used 6746K, capacity 8741K, committed 8752K, reserved 1048576K
Event: 5.244 GC heap after
Heap after GC invocations=20 (full 3):
 PSYoungGen      total 162816K, used 7513K [0x00000000f5580000, 0x0000000100000000, 0x0000000100000000)
  eden space 152064K, 0% used [0x00000000f5580000,0x00000000f5580000,0x00000000fea00000)
  from space 10752K, 69% used [0x00000000fea00000,0x00000000ff156618,0x00000000ff480000)
  to   space 10752K, 0% used [0x00000000ff580000,0x00000000ff580000,0x0000000100000000)
 ParOldGen       total 170496K, used 60810K [0x00000000e0000000, 0x00000000ea680000, 0x00000000f5580000)
  object space 170496K, 35% used [0x00000000e0000000,0x00000000e3b62840,0x00000000ea680000)
 Metaspace       used 55876K, capacity 62512K, committed 62760K, reserved 1103872K
  class space    used 6746K, capacity 8741K, committed 8752K, reserved 1048576K
}
Event: 5.784 GC heap before
{Heap before GC invocations=21 (full 3):
 PSYoungGen      total 162816K, used 159577K [0x00000000f5580000, 0x0000000100000000, 0x0000000100000000)
  eden space 152064K, 100% used [0x00000000f5580000,0x00000000fea00000,0x00000000fea00000)
  from space 10752K, 69% used [0x00000000fea00000,0x00000000ff156618,0x00000000ff480000)
  to   space 10752K, 0% used [0x00000000ff580000,0x00000000ff580000,0x0000000100000000)
 ParOldGen       total 170496K, used 60810K [0x00000000e0000000, 0x00000000ea680000, 0x00000000f5580000)
  object space 170496K, 35% used [0x00000000e0000000,0x00000000e3b62840,0x00000000ea680000)
 Metaspace       used 60629K, capacity 69406K, committed 69544K, reserved 1107968K
  class space    used 7626K, capacity 10146K, committed 10160K, reserved 1048576K
Event: 5.792 GC heap after
Heap after GC invocations=21 (full 3):
 PSYoungGen      total 160768K, used 10742K [0x00000000f5580000, 0x0000000100000000, 0x0000000100000000)
  eden space 150016K, 0% used [0x00000000f5580000,0x00000000f5580000,0x00000000fe800000)
  from space 10752K, 99% used [0x00000000ff580000,0x00000000ffffdb98,0x0000000100000000)
  to   space 12288K, 0% used [0x00000000fe800000,0x00000000fe800000,0x00000000ff400000)
 ParOldGen       total 170496K, used 62452K [0x00000000e0000000, 0x00000000ea680000, 0x00000000f5580000)
  object space 170496K, 36% used [0x00000000e0000000,0x00000000e3cfd170,0x00000000ea680000)
 Metaspace       used 60629K, capacity 69406K, committed 69544K, reserved 1107968K
  class space    used 7626K, capacity 10146K, committed 10160K, reserved 1048576K
}
Event: 6.051 GC heap before
{Heap before GC invocations=22 (full 3):
 PSYoungGen      total 160768K, used 160758K [0x00000000f5580000, 0x0000000100000000, 0x0000000100000000)
  eden space 150016K, 100% used [0x00000000f5580000,0x00000000fe800000,0x00000000fe800000)
  from space 10752K, 99% used [0x00000000ff580000,0x00000000ffffdb98,0x0000000100000000)
  to   space 12288K, 0% used [0x00000000fe800000,0x00000000fe800000,0x00000000ff400000)
 ParOldGen       total 170496K, used 62452K [0x00000000e0000000, 0x00000000ea680000, 0x00000000f5580000)
  object space 170496K, 36% used [0x00000000e0000000,0x00000000e3cfd170,0x00000000ea680000)
 Metaspace       used 61267K, capacity 70188K, committed 70440K, reserved 1110016K
  class space    used 7680K, capacity 10247K, committed 10288K, reserved 1048576K
Event: 6.060 GC heap after
Heap after GC invocations=22 (full 3):
 PSYoungGen      total 159744K, used 9565K [0x00000000f5580000, 0x0000000100000000, 0x0000000100000000)
  eden space 150016K, 0% used [0x00000000f5580000,0x00000000f5580000,0x00000000fe800000)
  from space 9728K, 98% used [0x00000000fe800000,0x00000000ff157640,0x00000000ff180000)
  to   space 12800K, 0% used [0x00000000ff380000,0x00000000ff380000,0x0000000100000000)
 ParOldGen       total 170496K, used 66964K [0x00000000e0000000, 0x00000000ea680000, 0x00000000f5580000)
  object space 170496K, 39% used [0x00000000e0000000,0x00000000e41653a8,0x00000000ea680000)
 Metaspace       used 61267K, capacity 70188K, committed 70440K, reserved 1110016K
  class space    used 7680K, capacity 10247K, committed 10288K, reserved 1048576K
}

