# JRE version: Java(TM) SE Runtime Environment (8.0_111-b14) (build 1.8.0_111-b14)
# Java VM: Java HotSpot(TM) 64-Bit Server VM (25.111-b14 mixed mode windows-amd64 compressed oops)
Heap:
 PSYoungGen      total 153600K, used 83386K [0x00000000f5580000, 0x0000000100000000, 0x0000000100000000)
  eden space 138752K, 49% used [0x00000000f5580000,0x00000000f9874010,0x00000000fdd00000)
  from space 14848K, 99% used [0x00000000ff180000,0x00000000ffffab98,0x0000000100000000)
  to   space 17920K, 0% used [0x00000000fdd00000,0x00000000fdd00000,0x00000000fee80000)
 ParOldGen       total 176640K, used 61050K [0x00000000e0000000, 0x00000000eac80000, 0x00000000f5580000)
  object space 176640K, 34% used [0x00000000e0000000,0x00000000e3b9e820,0x00000000eac80000)
 Metaspace       used 61312K, capacity 70388K, committed 70440K, reserved 1110016K
  class space    used 7687K, capacity 10241K, committed 10288K, reserved 1048576K
GC Heap History (10 events):
Event: 4.981 GC heap before
{Heap before GC invocations=19 (full 3):
 PSYoungGen      total 159232K, used 148448K [0x00000000f5580000, 0x0000000100000000, 0x0000000100000000)
  eden space 143872K, 100% used [0x00000000f5580000,0x00000000fe200000,0x00000000fe200000)
  from space 15360K, 29% used [0x00000000fe200000,0x00000000fe678140,0x00000000ff100000)
  to   space 15360K, 0% used [0x00000000ff100000,0x00000000ff100000,0x0000000100000000)
 ParOldGen       total 176640K, used 60589K [0x00000000e0000000, 0x00000000eac80000, 0x00000000f5580000)
  object space 176640K, 34% used [0x00000000e0000000,0x00000000e3b2b778,0x00000000eac80000)
 Metaspace       used 53619K, capacity 59608K, committed 59944K, reserved 1101824K
  class space    used 6356K, capacity 8173K, committed 8240K, reserved 1048576K
Event: 4.986 GC heap after
Heap after GC invocations=19 (full 3):
 PSYoungGen      total 158208K, used 6282K [0x00000000f5580000, 0x00000000fff00000, 0x0000000100000000)
  eden space 143872K, 0% used [0x00000000f5580000,0x00000000f5580000,0x00000000fe200000)
  from space 14336K, 43% used [0x00000000ff100000,0x00000000ff722830,0x00000000fff00000)
  to   space 14848K, 0% used [0x00000000fe200000,0x00000000fe200000,0x00000000ff080000)
 ParOldGen       total 176640K, used 60589K [0x00000000e0000000, 0x00000000eac80000, 0x00000000f5580000)
  object space 176640K, 34% used [0x00000000e0000000,0x00000000e3b2b778,0x00000000eac80000)
 Metaspace       used 53619K, capacity 59608K, committed 59944K, reserved 1101824K
  class space    used 6356K, capacity 8173K, committed 8240K, reserved 1048576K
}
Event: 5.247 GC heap before
{Heap before GC invocations=20 (full 3):
 PSYoungGen      total 158208K, used 150154K [0x00000000f5580000, 0x00000000fff00000, 0x0000000100000000)
  eden space 143872K, 100% used [0x00000000f5580000,0x00000000fe200000,0x00000000fe200000)
  from space 14336K, 43% used [0x00000000ff100000,0x00000000ff722830,0x00000000fff00000)
  to   space 14848K, 0% used [0x00000000fe200000,0x00000000fe200000,0x00000000ff080000)
 ParOldGen       total 176640K, used 60589K [0x00000000e0000000, 0x00000000eac80000, 0x00000000f5580000)
  object space 176640K, 34% used [0x00000000e0000000,0x00000000e3b2b778,0x00000000eac80000)
 Metaspace       used 55270K, capacity 61756K, committed 61864K, reserved 1101824K
  class space    used 6663K, capacity 8617K, committed 8624K, reserved 1048576K
Event: 5.253 GC heap after
Heap after GC invocations=20 (full 3):
 PSYoungGen      total 158720K, used 8484K [0x00000000f5580000, 0x00000000fff80000, 0x0000000100000000)
  eden space 143872K, 0% used [0x00000000f5580000,0x00000000f5580000,0x00000000fe200000)
  from space 14848K, 57% used [0x00000000fe200000,0x00000000fea49188,0x00000000ff080000)
  to   space 14336K, 0% used [0x00000000ff180000,0x00000000ff180000,0x00000000fff80000)
 ParOldGen       total 176640K, used 60597K [0x00000000e0000000, 0x00000000eac80000, 0x00000000f5580000)
  object space 176640K, 34% used [0x00000000e0000000,0x00000000e3b2d778,0x00000000eac80000)
 Metaspace       used 55270K, capacity 61756K, committed 61864K, reserved 1101824K
  class space    used 6663K, capacity 8617K, committed 8624K, reserved 1048576K
}
Event: 5.692 GC heap before
{Heap before GC invocations=21 (full 3):
 PSYoungGen      total 158720K, used 152356K [0x00000000f5580000, 0x00000000fff80000, 0x0000000100000000)
  eden space 143872K, 100% used [0x00000000f5580000,0x00000000fe200000,0x00000000fe200000)
  from space 14848K, 57% used [0x00000000fe200000,0x00000000fea49188,0x00000000ff080000)
  to   space 14336K, 0% used [0x00000000ff180000,0x00000000ff180000,0x00000000fff80000)
 ParOldGen       total 176640K, used 60597K [0x00000000e0000000, 0x00000000eac80000, 0x00000000f5580000)
  object space 176640K, 34% used [0x00000000e0000000,0x00000000e3b2d778,0x00000000eac80000)
 Metaspace       used 59449K, capacity 67874K, committed 68008K, reserved 1107968K
  class space    used 7441K, capacity 9892K, committed 9904K, reserved 1048576K
Event: 5.700 GC heap after
Heap after GC invocations=21 (full 3):
 PSYoungGen      total 159232K, used 11328K [0x00000000f5580000, 0x0000000100000000, 0x0000000100000000)
  eden space 144896K, 0% used [0x00000000f5580000,0x00000000f5580000,0x00000000fe300000)
  from space 14336K, 79% used [0x00000000ff180000,0x00000000ffc902d0,0x00000000fff80000)
  to   space 14848K, 0% used [0x00000000fe300000,0x00000000fe300000,0x00000000ff180000)
 ParOldGen       total 176640K, used 60605K [0x00000000e0000000, 0x00000000eac80000, 0x00000000f5580000)
  object space 176640K, 34% used [0x00000000e0000000,0x00000000e3b2f778,0x00000000eac80000)
 Metaspace       used 59449K, capacity 67874K, committed 68008K, reserved 1107968K
  class space    used 7441K, capacity 9892K, committed 9904K, reserved 1048576K
}
Event: 6.021 GC heap before
{Heap before GC invocations=22 (full 3):
 PSYoungGen      total 159232K, used 156224K [0x00000000f5580000, 0x0000000100000000, 0x0000000100000000)
  eden space 144896K, 100% used [0x00000000f5580000,0x00000000fe300000,0x00000000fe300000)
  from space 14336K, 79% used [0x00000000ff180000,0x00000000ffc902d0,0x00000000fff80000)
  to   space 14848K, 0% used [0x00000000fe300000,0x00000000fe300000,0x00000000ff180000)
 ParOldGen       total 176640K, used 60605K [0x00000000e0000000, 0x00000000eac80000, 0x00000000f5580000)
  object space 176640K, 34% used [0x00000000e0000000,0x00000000e3b2f778,0x00000000eac80000)
 Metaspace       used 61101K, capacity 69892K, committed 70184K, reserved 1110016K
  class space    used 7672K, capacity 10215K, committed 10288K, reserved 1048576K
Event: 6.030 GC heap after
Heap after GC invocations=22 (full 3):
 PSYoungGen      total 159744K, used 14398K [0x00000000f5580000, 0x0000000100000000, 0x0000000100000000)
  eden space 144896K, 0% used [0x00000000f5580000,0x00000000f5580000,0x00000000fe300000)
  from space 14848K, 96% used [0x00000000fe300000,0x00000000ff10f948,0x00000000ff180000)
  to   space 14848K, 0% used [0x00000000ff180000,0x00000000ff180000,0x0000000100000000)
 ParOldGen       total 176640K, used 60613K [0x00000000e0000000, 0x00000000eac80000, 0x00000000f5580000)
  object space 176640K, 34% used [0x00000000e0000000,0x00000000e3b31778,0x00000000eac80000)
 Metaspace       used 61101K, capacity 69892K, committed 70184K, reserved 1110016K
  class space    used 7672K, capacity 10215K, committed 10288K, reserved 1048576K
}
Event: 6.279 GC heap before
{Heap before GC invocations=23 (full 3):
 PSYoungGen      total 159744K, used 159294K [0x00000000f5580000, 0x0000000100000000, 0x0000000100000000)
  eden space 144896K, 100% used [0x00000000f5580000,0x00000000fe300000,0x00000000fe300000)
  from space 14848K, 96% used [0x00000000fe300000,0x00000000ff10f948,0x00000000ff180000)
  to   space 14848K, 0% used [0x00000000ff180000,0x00000000ff180000,0x0000000100000000)
 ParOldGen       total 176640K, used 60613K [0x00000000e0000000, 0x00000000eac80000, 0x00000000f5580000)
  object space 176640K, 34% used [0x00000000e0000000,0x00000000e3b31778,0x00000000eac80000)
 Metaspace       used 61292K, capacity 70282K, committed 70440K, reserved 1110016K
  class space    used 7687K, capacity 10240K, committed 10288K, reserved 1048576K
Event: 6.287 GC heap after
Heap after GC invocations=23 (full 3):
 PSYoungGen      total 153600K, used 14826K [0x00000000f5580000, 0x0000000100000000, 0x0000000100000000)
  eden space 138752K, 0% used [0x00000000f5580000,0x00000000f5580000,0x00000000fdd00000)
  from space 14848K, 99% used [0x00000000ff180000,0x00000000ffffab98,0x0000000100000000)
  to   space 17920K, 0% used [0x00000000fdd00000,0x00000000fdd00000,0x00000000fee80000)
 ParOldGen       total 176640K, used 61050K [0x00000000e0000000, 0x00000000eac80000, 0x00000000f5580000)
  object space 176640K, 34% used [0x00000000e0000000,0x00000000e3b9e820,0x00000000eac80000)
 Metaspace       used 61292K, capacity 70282K, committed 70440K, reserved 1110016K
  class space    used 7687K, capacity 10240K, committed 10288K, reserved 1048576K
}

