# JRE version: Java(TM) SE Runtime Environment (8.0_111-b14) (build 1.8.0_111-b14)
# Java VM: Java HotSpot(TM) 64-Bit Server VM (25.111-b14 mixed mode windows-amd64 compressed oops)
Heap:
 PSYoungGen      total 161792K, used 90459K [0x00000000f5580000, 0x0000000100000000, 0x0000000100000000)
  eden space 150016K, 52% used [0x00000000f5580000,0x00000000fa2a5ae8,0x00000000fe800000)
  from space 11776K, 97% used [0x00000000fe800000,0x00000000ff331510,0x00000000ff380000)
  to   space 12800K, 0% used [0x00000000ff380000,0x00000000ff380000,0x0000000100000000)
 ParOldGen       total 168960K, used 64998K [0x00000000e0000000, 0x00000000ea500000, 0x00000000f5580000)
  object space 168960K, 38% used [0x00000000e0000000,0x00000000e3f79ab8,0x00000000ea500000)
 Metaspace       used 61426K, capacity 70449K, committed 70704K, reserved 1110016K
  class space    used 7692K, capacity 10272K, committed 10288K, reserved 1048576K
GC Heap History (10 events):
Event: 5.113 GC heap before
{Heap before GC invocations=18 (full 3):
 PSYoungGen      total 162304K, used 151040K [0x00000000f5580000, 0x00000000fff80000, 0x0000000100000000)
  eden space 151040K, 100% used [0x00000000f5580000,0x00000000fe900000,0x00000000fe900000)
  from space 11264K, 0% used [0x00000000ff400000,0x00000000ff400000,0x00000000fff00000)
  to   space 11264K, 0% used [0x00000000fe900000,0x00000000fe900000,0x00000000ff400000)
 ParOldGen       total 168960K, used 60716K [0x00000000e0000000, 0x00000000ea500000, 0x00000000f5580000)
  object space 168960K, 35% used [0x00000000e0000000,0x00000000e3b4b1b0,0x00000000ea500000)
 Metaspace       used 50139K, capacity 56015K, committed 56368K, reserved 1097728K
  class space    used 6092K, capacity 7885K, committed 7984K, reserved 1048576K
Event: 5.117 GC heap after
Heap after GC invocations=18 (full 3):
 PSYoungGen      total 162304K, used 4670K [0x00000000f5580000, 0x0000000100000000, 0x0000000100000000)
  eden space 151040K, 0% used [0x00000000f5580000,0x00000000f5580000,0x00000000fe900000)
  from space 11264K, 41% used [0x00000000fe900000,0x00000000fed8f8f8,0x00000000ff400000)
  to   space 11264K, 0% used [0x00000000ff500000,0x00000000ff500000,0x0000000100000000)
 ParOldGen       total 168960K, used 60724K [0x00000000e0000000, 0x00000000ea500000, 0x00000000f5580000)
  object space 168960K, 35% used [0x00000000e0000000,0x00000000e3b4d1b0,0x00000000ea500000)
 Metaspace       used 50139K, capacity 56015K, committed 56368K, reserved 1097728K
  class space    used 6092K, capacity 7885K, committed 7984K, reserved 1048576K
}
Event: 5.486 GC heap before
{Heap before GC invocations=19 (full 3):
 PSYoungGen      total 162304K, used 155710K [0x00000000f5580000, 0x0000000100000000, 0x0000000100000000)
  eden space 151040K, 100% used [0x00000000f5580000,0x00000000fe900000,0x00000000fe900000)
  from space 11264K, 41% used [0x00000000fe900000,0x00000000fed8f8f8,0x00000000ff400000)
  to   space 11264K, 0% used [0x00000000ff500000,0x00000000ff500000,0x0000000100000000)
 ParOldGen       total 168960K, used 60724K [0x00000000e0000000, 0x00000000ea500000, 0x00000000f5580000)
  object space 168960K, 35% used [0x00000000e0000000,0x00000000e3b4d1b0,0x00000000ea500000)
 Metaspace       used 53673K, capacity 59673K, committed 59952K, reserved 1101824K
  class space    used 6356K, capacity 8174K, committed 8240K, reserved 1048576K
Event: 5.490 GC heap after
Heap after GC invocations=19 (full 3):
 PSYoungGen      total 162304K, used 6112K [0x00000000f5580000, 0x00000000fff00000, 0x0000000100000000)
  eden space 152064K, 0% used [0x00000000f5580000,0x00000000f5580000,0x00000000fea00000)
  from space 10240K, 59% used [0x00000000ff500000,0x00000000ffaf80b8,0x00000000fff00000)
  to   space 10752K, 0% used [0x00000000fea00000,0x00000000fea00000,0x00000000ff480000)
 ParOldGen       total 168960K, used 60732K [0x00000000e0000000, 0x00000000ea500000, 0x00000000f5580000)
  object space 168960K, 35% used [0x00000000e0000000,0x00000000e3b4f1b0,0x00000000ea500000)
 Metaspace       used 53673K, capacity 59673K, committed 59952K, reserved 1101824K
  class space    used 6356K, capacity 8174K, committed 8240K, reserved 1048576K
}
Event: 5.805 GC heap before
{Heap before GC invocations=20 (full 3):
 PSYoungGen      total 162304K, used 158176K [0x00000000f5580000, 0x00000000fff00000, 0x0000000100000000)
  eden space 152064K, 100% used [0x00000000f5580000,0x00000000fea00000,0x00000000fea00000)
  from space 10240K, 59% used [0x00000000ff500000,0x00000000ffaf80b8,0x00000000fff00000)
  to   space 10752K, 0% used [0x00000000fea00000,0x00000000fea00000,0x00000000ff480000)
 ParOldGen       total 168960K, used 60732K [0x00000000e0000000, 0x00000000ea500000, 0x00000000f5580000)
  object space 168960K, 35% used [0x00000000e0000000,0x00000000e3b4f1b0,0x00000000ea500000)
 Metaspace       used 55917K, capacity 62505K, committed 62768K, reserved 1103872K
  class space    used 6754K, capacity 8742K, committed 8752K, reserved 1048576K
Event: 5.811 GC heap after
Heap after GC invocations=20 (full 3):
 PSYoungGen      total 162816K, used 7403K [0x00000000f5580000, 0x0000000100000000, 0x0000000100000000)
  eden space 152064K, 0% used [0x00000000f5580000,0x00000000f5580000,0x00000000fea00000)
  from space 10752K, 68% used [0x00000000fea00000,0x00000000ff13ad00,0x00000000ff480000)
  to   space 10752K, 0% used [0x00000000ff580000,0x00000000ff580000,0x0000000100000000)
 ParOldGen       total 168960K, used 60740K [0x00000000e0000000, 0x00000000ea500000, 0x00000000f5580000)
  object space 168960K, 35% used [0x00000000e0000000,0x00000000e3b511b0,0x00000000ea500000)
 Metaspace       used 55917K, capacity 62505K, committed 62768K, reserved 1103872K
  class space    used 6754K, capacity 8742K, committed 8752K, reserved 1048576K
}
Event: 6.596 GC heap before
{Heap before GC invocations=21 (full 3):
 PSYoungGen      total 162816K, used 159467K [0x00000000f5580000, 0x0000000100000000, 0x0000000100000000)
  eden space 152064K, 100% used [0x00000000f5580000,0x00000000fea00000,0x00000000fea00000)
  from space 10752K, 68% used [0x00000000fea00000,0x00000000ff13ad00,0x00000000ff480000)
  to   space 10752K, 0% used [0x00000000ff580000,0x00000000ff580000,0x0000000100000000)
 ParOldGen       total 168960K, used 60740K [0x00000000e0000000, 0x00000000ea500000, 0x00000000f5580000)
  object space 168960K, 35% used [0x00000000e0000000,0x00000000e3b511b0,0x00000000ea500000)
 Metaspace       used 60671K, capacity 69403K, committed 69680K, reserved 1107968K
  class space    used 7635K, capacity 10179K, committed 10288K, reserved 1048576K
Event: 6.605 GC heap after
Heap after GC invocations=21 (full 3):
 PSYoungGen      total 160768K, used 10742K [0x00000000f5580000, 0x0000000100000000, 0x0000000100000000)
  eden space 150016K, 0% used [0x00000000f5580000,0x00000000f5580000,0x00000000fe800000)
  from space 10752K, 99% used [0x00000000ff580000,0x00000000ffffdb98,0x0000000100000000)
  to   space 12288K, 0% used [0x00000000fe800000,0x00000000fe800000,0x00000000ff400000)
 ParOldGen       total 168960K, used 62340K [0x00000000e0000000, 0x00000000ea500000, 0x00000000f5580000)
  object space 168960K, 36% used [0x00000000e0000000,0x00000000e3ce10d0,0x00000000ea500000)
 Metaspace       used 60671K, capacity 69403K, committed 69680K, reserved 1107968K
  class space    used 7635K, capacity 10179K, committed 10288K, reserved 1048576K
}
Event: 6.866 GC heap before
{Heap before GC invocations=22 (full 3):
 PSYoungGen      total 160768K, used 160758K [0x00000000f5580000, 0x0000000100000000, 0x0000000100000000)
  eden space 150016K, 100% used [0x00000000f5580000,0x00000000fe800000,0x00000000fe800000)
  from space 10752K, 99% used [0x00000000ff580000,0x00000000ffffdb98,0x0000000100000000)
  to   space 12288K, 0% used [0x00000000fe800000,0x00000000fe800000,0x00000000ff400000)
 ParOldGen       total 168960K, used 62340K [0x00000000e0000000, 0x00000000ea500000, 0x00000000f5580000)
  object space 168960K, 36% used [0x00000000e0000000,0x00000000e3ce10d0,0x00000000ea500000)
 Metaspace       used 61119K, capacity 69983K, committed 70192K, reserved 1110016K
  class space    used 7671K, capacity 10219K, committed 10288K, reserved 1048576K
Event: 6.875 GC heap after
Heap after GC invocations=22 (full 3):
 PSYoungGen      total 161792K, used 11461K [0x00000000f5580000, 0x0000000100000000, 0x0000000100000000)
  eden space 150016K, 0% used [0x00000000f5580000,0x00000000f5580000,0x00000000fe800000)
  from space 11776K, 97% used [0x00000000fe800000,0x00000000ff331510,0x00000000ff380000)
  to   space 12800K, 0% used [0x00000000ff380000,0x00000000ff380000,0x0000000100000000)
 ParOldGen       total 168960K, used 64998K [0x00000000e0000000, 0x00000000ea500000, 0x00000000f5580000)
  object space 168960K, 38% used [0x00000000e0000000,0x00000000e3f79ab8,0x00000000ea500000)
 Metaspace       used 61119K, capacity 69983K, committed 70192K, reserved 1110016K
  class space    used 7671K, capacity 10219K, committed 10288K, reserved 1048576K
}

