# JRE version: Java(TM) SE Runtime Environment (8.0_111-b14) (build 1.8.0_111-b14)
# Java VM: Java HotSpot(TM) 64-Bit Server VM (25.111-b14 mixed mode windows-amd64 compressed oops)
Heap:
 PSYoungGen      total 153600K, used 52493K [0x00000000f5580000, 0x0000000100000000, 0x0000000100000000)
  eden space 139776K, 27% used [0x00000000f5580000,0x00000000f7b45c18,0x00000000fde00000)
  from space 13824K, 99% used [0x00000000ff280000,0x00000000ffffdb98,0x0000000100000000)
  to   space 17408K, 0% used [0x00000000fde00000,0x00000000fde00000,0x00000000fef00000)
 ParOldGen       total 181760K, used 62854K [0x00000000e0000000, 0x00000000eb180000, 0x00000000f5580000)
  object space 181760K, 34% used [0x00000000e0000000,0x00000000e3d61910,0x00000000eb180000)
 Metaspace       used 61469K, capacity 70597K, committed 70704K, reserved 1110016K
  class space    used 7696K, capacity 10274K, committed 10288K, reserved 1048576K
GC Heap History (10 events):
Event: 5.073 GC heap before
{Heap before GC invocations=19 (full 3):
 PSYoungGen      total 161280K, used 152803K [0x00000000f5580000, 0x0000000100000000, 0x0000000100000000)
  eden space 147968K, 100% used [0x00000000f5580000,0x00000000fe600000,0x00000000fe600000)
  from space 13312K, 36% used [0x00000000fe600000,0x00000000feab8d08,0x00000000ff300000)
  to   space 13312K, 0% used [0x00000000ff300000,0x00000000ff300000,0x0000000100000000)
 ParOldGen       total 181760K, used 60273K [0x00000000e0000000, 0x00000000eb180000, 0x00000000f5580000)
  object space 181760K, 33% used [0x00000000e0000000,0x00000000e3adc540,0x00000000eb180000)
 Metaspace       used 53650K, capacity 59609K, committed 59952K, reserved 1101824K
  class space    used 6358K, capacity 8174K, committed 8240K, reserved 1048576K
Event: 5.077 GC heap after
Heap after GC invocations=19 (full 3):
 PSYoungGen      total 161280K, used 6390K [0x00000000f5580000, 0x0000000100000000, 0x0000000100000000)
  eden space 147968K, 0% used [0x00000000f5580000,0x00000000f5580000,0x00000000fe600000)
  from space 13312K, 48% used [0x00000000ff300000,0x00000000ff93d830,0x0000000100000000)
  to   space 13312K, 0% used [0x00000000fe600000,0x00000000fe600000,0x00000000ff300000)
 ParOldGen       total 181760K, used 60281K [0x00000000e0000000, 0x00000000eb180000, 0x00000000f5580000)
  object space 181760K, 33% used [0x00000000e0000000,0x00000000e3ade540,0x00000000eb180000)
 Metaspace       used 53650K, capacity 59609K, committed 59952K, reserved 1101824K
  class space    used 6358K, capacity 8174K, committed 8240K, reserved 1048576K
}
Event: 5.389 GC heap before
{Heap before GC invocations=20 (full 3):
 PSYoungGen      total 161280K, used 154358K [0x00000000f5580000, 0x0000000100000000, 0x0000000100000000)
  eden space 147968K, 100% used [0x00000000f5580000,0x00000000fe600000,0x00000000fe600000)
  from space 13312K, 48% used [0x00000000ff300000,0x00000000ff93d830,0x0000000100000000)
  to   space 13312K, 0% used [0x00000000fe600000,0x00000000fe600000,0x00000000ff300000)
 ParOldGen       total 181760K, used 60281K [0x00000000e0000000, 0x00000000eb180000, 0x00000000f5580000)
  object space 181760K, 33% used [0x00000000e0000000,0x00000000e3ade540,0x00000000eb180000)
 Metaspace       used 55687K, capacity 62197K, committed 62512K, reserved 1103872K
  class space    used 6714K, capacity 8682K, committed 8752K, reserved 1048576K
Event: 5.396 GC heap after
Heap after GC invocations=20 (full 3):
 PSYoungGen      total 155648K, used 7417K [0x00000000f5580000, 0x00000000fff00000, 0x0000000100000000)
  eden space 147968K, 0% used [0x00000000f5580000,0x00000000f5580000,0x00000000fe600000)
  from space 7680K, 96% used [0x00000000fe600000,0x00000000fed3e628,0x00000000fed80000)
  to   space 12800K, 0% used [0x00000000ff280000,0x00000000ff280000,0x00000000fff00000)
 ParOldGen       total 181760K, used 60289K [0x00000000e0000000, 0x00000000eb180000, 0x00000000f5580000)
  object space 181760K, 33% used [0x00000000e0000000,0x00000000e3ae0540,0x00000000eb180000)
 Metaspace       used 55687K, capacity 62197K, committed 62512K, reserved 1103872K
  class space    used 6714K, capacity 8682K, committed 8752K, reserved 1048576K
}
Event: 5.902 GC heap before
{Heap before GC invocations=21 (full 3):
 PSYoungGen      total 155648K, used 155385K [0x00000000f5580000, 0x00000000fff00000, 0x0000000100000000)
  eden space 147968K, 100% used [0x00000000f5580000,0x00000000fe600000,0x00000000fe600000)
  from space 7680K, 96% used [0x00000000fe600000,0x00000000fed3e628,0x00000000fed80000)
  to   space 12800K, 0% used [0x00000000ff280000,0x00000000ff280000,0x00000000fff00000)
 ParOldGen       total 181760K, used 60289K [0x00000000e0000000, 0x00000000eb180000, 0x00000000f5580000)
  object space 181760K, 33% used [0x00000000e0000000,0x00000000e3ae0540,0x00000000eb180000)
 Metaspace       used 59991K, capacity 68763K, committed 69040K, reserved 1107968K
  class space    used 7553K, capacity 10083K, committed 10160K, reserved 1048576K
Event: 5.915 GC heap after
Heap after GC invocations=21 (full 3):
 PSYoungGen      total 159744K, used 11956K [0x00000000f5580000, 0x0000000100000000, 0x0000000100000000)
  eden space 146944K, 0% used [0x00000000f5580000,0x00000000f5580000,0x00000000fe500000)
  from space 12800K, 93% used [0x00000000ff280000,0x00000000ffe2d2a8,0x00000000fff00000)
  to   space 13824K, 0% used [0x00000000fe500000,0x00000000fe500000,0x00000000ff280000)
 ParOldGen       total 181760K, used 60297K [0x00000000e0000000, 0x00000000eb180000, 0x00000000f5580000)
  object space 181760K, 33% used [0x00000000e0000000,0x00000000e3ae2540,0x00000000eb180000)
 Metaspace       used 59991K, capacity 68763K, committed 69040K, reserved 1107968K
  class space    used 7553K, capacity 10083K, committed 10160K, reserved 1048576K
}
Event: 6.205 GC heap before
{Heap before GC invocations=22 (full 3):
 PSYoungGen      total 159744K, used 158900K [0x00000000f5580000, 0x0000000100000000, 0x0000000100000000)
  eden space 146944K, 100% used [0x00000000f5580000,0x00000000fe500000,0x00000000fe500000)
  from space 12800K, 93% used [0x00000000ff280000,0x00000000ffe2d2a8,0x00000000fff00000)
  to   space 13824K, 0% used [0x00000000fe500000,0x00000000fe500000,0x00000000ff280000)
 ParOldGen       total 181760K, used 60297K [0x00000000e0000000, 0x00000000eb180000, 0x00000000f5580000)
  object space 181760K, 33% used [0x00000000e0000000,0x00000000e3ae2540,0x00000000eb180000)
 Metaspace       used 61265K, capacity 70121K, committed 70192K, reserved 1110016K
  class space    used 7682K, capacity 10248K, committed 10288K, reserved 1048576K
Event: 6.216 GC heap after
Heap after GC invocations=22 (full 3):
 PSYoungGen      total 160768K, used 13800K [0x00000000f5580000, 0x0000000100000000, 0x0000000100000000)
  eden space 146944K, 0% used [0x00000000f5580000,0x00000000f5580000,0x00000000fe500000)
  from space 13824K, 99% used [0x00000000fe500000,0x00000000ff27a1f8,0x00000000ff280000)
  to   space 13824K, 0% used [0x00000000ff280000,0x00000000ff280000,0x0000000100000000)
 ParOldGen       total 181760K, used 60810K [0x00000000e0000000, 0x00000000eb180000, 0x00000000f5580000)
  object space 181760K, 33% used [0x00000000e0000000,0x00000000e3b62868,0x00000000eb180000)
 Metaspace       used 61265K, capacity 70121K, committed 70192K, reserved 1110016K
  class space    used 7682K, capacity 10248K, committed 10288K, reserved 1048576K
}
Event: 6.486 GC heap before
{Heap before GC invocations=23 (full 3):
 PSYoungGen      total 160768K, used 160744K [0x00000000f5580000, 0x0000000100000000, 0x0000000100000000)
  eden space 146944K, 100% used [0x00000000f5580000,0x00000000fe500000,0x00000000fe500000)
  from space 13824K, 99% used [0x00000000fe500000,0x00000000ff27a1f8,0x00000000ff280000)
  to   space 13824K, 0% used [0x00000000ff280000,0x00000000ff280000,0x0000000100000000)
 ParOldGen       total 181760K, used 60810K [0x00000000e0000000, 0x00000000eb180000, 0x00000000f5580000)
  object space 181760K, 33% used [0x00000000e0000000,0x00000000e3b62868,0x00000000eb180000)
 Metaspace       used 61461K, capacity 70595K, committed 70704K, reserved 1110016K
  class space    used 7695K, capacity 10273K, committed 10288K, reserved 1048576K
Event: 6.495 GC heap after
Heap after GC invocations=23 (full 3):
 PSYoungGen      total 153600K, used 13814K [0x00000000f5580000, 0x0000000100000000, 0x0000000100000000)
  eden space 139776K, 0% used [0x00000000f5580000,0x00000000f5580000,0x00000000fde00000)
  from space 13824K, 99% used [0x00000000ff280000,0x00000000ffffdb98,0x0000000100000000)
  to   space 17408K, 0% used [0x00000000fde00000,0x00000000fde00000,0x00000000fef00000)
 ParOldGen       total 181760K, used 62854K [0x00000000e0000000, 0x00000000eb180000, 0x00000000f5580000)
  object space 181760K, 34% used [0x00000000e0000000,0x00000000e3d61910,0x00000000eb180000)
 Metaspace       used 61461K, capacity 70595K, committed 70704K, reserved 1110016K
  class space    used 7695K, capacity 10273K, committed 10288K, reserved 1048576K
}

