# JRE version: Java(TM) SE Runtime Environment (8.0_111-b14) (build 1.8.0_111-b14)
# Java VM: Java HotSpot(TM) 64-Bit Server VM (25.111-b14 mixed mode windows-amd64 compressed oops)
Heap:
 PSYoungGen      total 157184K, used 31297K [0x00000000f5580000, 0x0000000100000000, 0x0000000100000000)
  eden space 143872K, 13% used [0x00000000f5580000,0x00000000f68f5d48,0x00000000fe200000)
  from space 13312K, 85% used [0x00000000ff300000,0x00000000ffe1aa50,0x0000000100000000)
  to   space 15360K, 0% used [0x00000000fe200000,0x00000000fe200000,0x00000000ff100000)
 ParOldGen       total 177152K, used 66482K [0x00000000e0000000, 0x00000000ead00000, 0x00000000f5580000)
  object space 177152K, 37% used [0x00000000e0000000,0x00000000e40ecad0,0x00000000ead00000)
 Metaspace       used 61460K, capacity 70612K, committed 70696K, reserved 1110016K
  class space    used 7695K, capacity 10273K, committed 10288K, reserved 1048576K
GC Heap History (10 events):
Event: 4.920 GC heap before
{Heap before GC invocations=19 (full 3):
 PSYoungGen      total 162304K, used 154857K [0x00000000f5580000, 0x0000000100000000, 0x0000000100000000)
  eden space 150016K, 100% used [0x00000000f5580000,0x00000000fe800000,0x00000000fe800000)
  from space 12288K, 39% used [0x00000000fe800000,0x00000000fecba5b8,0x00000000ff400000)
  to   space 12288K, 0% used [0x00000000ff400000,0x00000000ff400000,0x0000000100000000)
 ParOldGen       total 177152K, used 60797K [0x00000000e0000000, 0x00000000ead00000, 0x00000000f5580000)
  object space 177152K, 34% used [0x00000000e0000000,0x00000000e3b5f470,0x00000000ead00000)
 Metaspace       used 53643K, capacity 59660K, committed 59944K, reserved 1101824K
  class space    used 6356K, capacity 8173K, committed 8240K, reserved 1048576K
Event: 4.924 GC heap after
Heap after GC invocations=19 (full 3):
 PSYoungGen      total 161280K, used 6326K [0x00000000f5580000, 0x00000000fff00000, 0x0000000100000000)
  eden space 150016K, 0% used [0x00000000f5580000,0x00000000f5580000,0x00000000fe800000)
  from space 11264K, 56% used [0x00000000ff400000,0x00000000ffa2da60,0x00000000fff00000)
  to   space 11776K, 0% used [0x00000000fe800000,0x00000000fe800000,0x00000000ff380000)
 ParOldGen       total 177152K, used 60805K [0x00000000e0000000, 0x00000000ead00000, 0x00000000f5580000)
  object space 177152K, 34% used [0x00000000e0000000,0x00000000e3b61470,0x00000000ead00000)
 Metaspace       used 53643K, capacity 59660K, committed 59944K, reserved 1101824K
  class space    used 6356K, capacity 8173K, committed 8240K, reserved 1048576K
}
Event: 5.212 GC heap before
{Heap before GC invocations=20 (full 3):
 PSYoungGen      total 161280K, used 156342K [0x00000000f5580000, 0x00000000fff00000, 0x0000000100000000)
  eden space 150016K, 100% used [0x00000000f5580000,0x00000000fe800000,0x00000000fe800000)
  from space 11264K, 56% used [0x00000000ff400000,0x00000000ffa2da60,0x00000000fff00000)
  to   space 11776K, 0% used [0x00000000fe800000,0x00000000fe800000,0x00000000ff380000)
 ParOldGen       total 177152K, used 60805K [0x00000000e0000000, 0x00000000ead00000, 0x00000000f5580000)
  object space 177152K, 34% used [0x00000000e0000000,0x00000000e3b61470,0x00000000ead00000)
 Metaspace       used 55828K, capacity 62412K, committed 62504K, reserved 1103872K
  class space    used 6750K, capacity 8741K, committed 8752K, reserved 1048576K
Event: 5.218 GC heap after
Heap after GC invocations=20 (full 3):
 PSYoungGen      total 161792K, used 7435K [0x00000000f5580000, 0x0000000100000000, 0x0000000100000000)
  eden space 150016K, 0% used [0x00000000f5580000,0x00000000f5580000,0x00000000fe800000)
  from space 11776K, 63% used [0x00000000fe800000,0x00000000fef42d00,0x00000000ff380000)
  to   space 11776K, 0% used [0x00000000ff480000,0x00000000ff480000,0x0000000100000000)
 ParOldGen       total 177152K, used 60813K [0x00000000e0000000, 0x00000000ead00000, 0x00000000f5580000)
  object space 177152K, 34% used [0x00000000e0000000,0x00000000e3b63470,0x00000000ead00000)
 Metaspace       used 55828K, capacity 62412K, committed 62504K, reserved 1103872K
  class space    used 6750K, capacity 8741K, committed 8752K, reserved 1048576K
}
Event: 5.748 GC heap before
{Heap before GC invocations=21 (full 3):
 PSYoungGen      total 161792K, used 157451K [0x00000000f5580000, 0x0000000100000000, 0x0000000100000000)
  eden space 150016K, 100% used [0x00000000f5580000,0x00000000fe800000,0x00000000fe800000)
  from space 11776K, 63% used [0x00000000fe800000,0x00000000fef42d00,0x00000000ff380000)
  to   space 11776K, 0% used [0x00000000ff480000,0x00000000ff480000,0x0000000100000000)
 ParOldGen       total 177152K, used 60813K [0x00000000e0000000, 0x00000000ead00000, 0x00000000f5580000)
  object space 177152K, 34% used [0x00000000e0000000,0x00000000e3b63470,0x00000000ead00000)
 Metaspace       used 60536K, capacity 69254K, committed 69288K, reserved 1107968K
  class space    used 7619K, capacity 10146K, committed 10160K, reserved 1048576K
Event: 5.756 GC heap after
Heap after GC invocations=21 (full 3):
 PSYoungGen      total 159744K, used 11763K [0x00000000f5580000, 0x0000000100000000, 0x0000000100000000)
  eden space 147968K, 0% used [0x00000000f5580000,0x00000000f5580000,0x00000000fe600000)
  from space 11776K, 99% used [0x00000000ff480000,0x00000000ffffcf48,0x0000000100000000)
  to   space 13312K, 0% used [0x00000000fe600000,0x00000000fe600000,0x00000000ff300000)
 ParOldGen       total 177152K, used 61511K [0x00000000e0000000, 0x00000000ead00000, 0x00000000f5580000)
  object space 177152K, 34% used [0x00000000e0000000,0x00000000e3c11eb8,0x00000000ead00000)
 Metaspace       used 60536K, capacity 69254K, committed 69288K, reserved 1107968K
  class space    used 7619K, capacity 10146K, committed 10160K, reserved 1048576K
}
Event: 6.014 GC heap before
{Heap before GC invocations=22 (full 3):
 PSYoungGen      total 159744K, used 159731K [0x00000000f5580000, 0x0000000100000000, 0x0000000100000000)
  eden space 147968K, 100% used [0x00000000f5580000,0x00000000fe600000,0x00000000fe600000)
  from space 11776K, 99% used [0x00000000ff480000,0x00000000ffffcf48,0x0000000100000000)
  to   space 13312K, 0% used [0x00000000fe600000,0x00000000fe600000,0x00000000ff300000)
 ParOldGen       total 177152K, used 61511K [0x00000000e0000000, 0x00000000ead00000, 0x00000000f5580000)
  object space 177152K, 34% used [0x00000000e0000000,0x00000000e3c11eb8,0x00000000ead00000)
 Metaspace       used 61277K, capacity 70188K, committed 70440K, reserved 1110016K
  class space    used 7680K, capacity 10247K, committed 10288K, reserved 1048576K
Event: 6.024 GC heap after
Heap after GC invocations=22 (full 3):
 PSYoungGen      total 161280K, used 13290K [0x00000000f5580000, 0x0000000100000000, 0x0000000100000000)
  eden space 147968K, 0% used [0x00000000f5580000,0x00000000f5580000,0x00000000fe600000)
  from space 13312K, 99% used [0x00000000fe600000,0x00000000ff2faba0,0x00000000ff300000)
  to   space 13312K, 0% used [0x00000000ff300000,0x00000000ff300000,0x0000000100000000)
 ParOldGen       total 177152K, used 61964K [0x00000000e0000000, 0x00000000ead00000, 0x00000000f5580000)
  object space 177152K, 34% used [0x00000000e0000000,0x00000000e3c830c8,0x00000000ead00000)
 Metaspace       used 61277K, capacity 70188K, committed 70440K, reserved 1110016K
  class space    used 7680K, capacity 10247K, committed 10288K, reserved 1048576K
}
Event: 6.292 GC heap before
{Heap before GC invocations=23 (full 3):
 PSYoungGen      total 161280K, used 161258K [0x00000000f5580000, 0x0000000100000000, 0x0000000100000000)
  eden space 147968K, 100% used [0x00000000f5580000,0x00000000fe600000,0x00000000fe600000)
  from space 13312K, 99% used [0x00000000fe600000,0x00000000ff2faba0,0x00000000ff300000)
  to   space 13312K, 0% used [0x00000000ff300000,0x00000000ff300000,0x0000000100000000)
 ParOldGen       total 177152K, used 61964K [0x00000000e0000000, 0x00000000ead00000, 0x00000000f5580000)
  object space 177152K, 34% used [0x00000000e0000000,0x00000000e3c830c8,0x00000000ead00000)
 Metaspace       used 61455K, capacity 70610K, committed 70696K, reserved 1110016K
  class space    used 7695K, capacity 10272K, committed 10288K, reserved 1048576K
Event: 6.301 GC heap after
Heap after GC invocations=23 (full 3):
 PSYoungGen      total 157184K, used 11370K [0x00000000f5580000, 0x0000000100000000, 0x0000000100000000)
  eden space 143872K, 0% used [0x00000000f5580000,0x00000000f5580000,0x00000000fe200000)
  from space 13312K, 85% used [0x00000000ff300000,0x00000000ffe1aa50,0x0000000100000000)
  to   space 15360K, 0% used [0x00000000fe200000,0x00000000fe200000,0x00000000ff100000)
 ParOldGen       total 177152K, used 66482K [0x00000000e0000000, 0x00000000ead00000, 0x00000000f5580000)
  object space 177152K, 37% used [0x00000000e0000000,0x00000000e40ecad0,0x00000000ead00000)
 Metaspace       used 61455K, capacity 70610K, committed 70696K, reserved 1110016K
  class space    used 7695K, capacity 10272K, committed 10288K, reserved 1048576K
}

