# JRE version: Java(TM) SE Runtime Environment (8.0_111-b14) (build 1.8.0_111-b14)
# Java VM: Java HotSpot(TM) 64-Bit Server VM (25.111-b14 mixed mode windows-amd64 compressed oops)
Heap:
 PSYoungGen      total 161792K, used 76491K [0x00000000f5580000, 0x0000000100000000, 0x0000000100000000)
  eden space 148992K, 42% used [0x00000000f5580000,0x00000000f93b5f38,0x00000000fe700000)
  from space 12800K, 99% used [0x00000000fe700000,0x00000000ff37d000,0x00000000ff380000)
  to   space 12800K, 0% used [0x00000000ff380000,0x00000000ff380000,0x0000000100000000)
 ParOldGen       total 175616K, used 63389K [0x00000000e0000000, 0x00000000eab80000, 0x00000000f5580000)
  object space 175616K, 36% used [0x00000000e0000000,0x00000000e3de76a8,0x00000000eab80000)
 Metaspace       used 61410K, capacity 70404K, committed 70440K, reserved 1110016K
  class space    used 7692K, capacity 10271K, committed 10288K, reserved 1048576K
GC Heap History (10 events):
Event: 4.575 GC heap before
{Heap before GC invocations=18 (full 3):
 PSYoungGen      total 162304K, used 151040K [0x00000000f5580000, 0x00000000fff80000, 0x0000000100000000)
  eden space 151040K, 100% used [0x00000000f5580000,0x00000000fe900000,0x00000000fe900000)
  from space 11264K, 0% used [0x00000000ff400000,0x00000000ff400000,0x00000000fff00000)
  to   space 11264K, 0% used [0x00000000fe900000,0x00000000fe900000,0x00000000ff400000)
 ParOldGen       total 175616K, used 60580K [0x00000000e0000000, 0x00000000eab80000, 0x00000000f5580000)
  object space 175616K, 34% used [0x00000000e0000000,0x00000000e3b29390,0x00000000eab80000)
 Metaspace       used 50099K, capacity 56014K, committed 56360K, reserved 1097728K
  class space    used 6090K, capacity 7884K, committed 7984K, reserved 1048576K
Event: 4.579 GC heap after
Heap after GC invocations=18 (full 3):
 PSYoungGen      total 162304K, used 4938K [0x00000000f5580000, 0x0000000100000000, 0x0000000100000000)
  eden space 151040K, 0% used [0x00000000f5580000,0x00000000f5580000,0x00000000fe900000)
  from space 11264K, 43% used [0x00000000fe900000,0x00000000fedd2978,0x00000000ff400000)
  to   space 11264K, 0% used [0x00000000ff500000,0x00000000ff500000,0x0000000100000000)
 ParOldGen       total 175616K, used 60588K [0x00000000e0000000, 0x00000000eab80000, 0x00000000f5580000)
  object space 175616K, 34% used [0x00000000e0000000,0x00000000e3b2b390,0x00000000eab80000)
 Metaspace       used 50099K, capacity 56014K, committed 56360K, reserved 1097728K
  class space    used 6090K, capacity 7884K, committed 7984K, reserved 1048576K
}
Event: 4.902 GC heap before
{Heap before GC invocations=19 (full 3):
 PSYoungGen      total 162304K, used 155978K [0x00000000f5580000, 0x0000000100000000, 0x0000000100000000)
  eden space 151040K, 100% used [0x00000000f5580000,0x00000000fe900000,0x00000000fe900000)
  from space 11264K, 43% used [0x00000000fe900000,0x00000000fedd2978,0x00000000ff400000)
  to   space 11264K, 0% used [0x00000000ff500000,0x00000000ff500000,0x0000000100000000)
 ParOldGen       total 175616K, used 60588K [0x00000000e0000000, 0x00000000eab80000, 0x00000000f5580000)
  object space 175616K, 34% used [0x00000000e0000000,0x00000000e3b2b390,0x00000000eab80000)
 Metaspace       used 53657K, capacity 59672K, committed 59944K, reserved 1101824K
  class space    used 6357K, capacity 8173K, committed 8240K, reserved 1048576K
Event: 4.907 GC heap after
Heap after GC invocations=19 (full 3):
 PSYoungGen      total 163328K, used 6237K [0x00000000f5580000, 0x0000000100000000, 0x0000000100000000)
  eden space 152064K, 0% used [0x00000000f5580000,0x00000000f5580000,0x00000000fea00000)
  from space 11264K, 55% used [0x00000000ff500000,0x00000000ffb174f0,0x0000000100000000)
  to   space 11264K, 0% used [0x00000000fea00000,0x00000000fea00000,0x00000000ff500000)
 ParOldGen       total 175616K, used 60596K [0x00000000e0000000, 0x00000000eab80000, 0x00000000f5580000)
  object space 175616K, 34% used [0x00000000e0000000,0x00000000e3b2d390,0x00000000eab80000)
 Metaspace       used 53657K, capacity 59672K, committed 59944K, reserved 1101824K
  class space    used 6357K, capacity 8173K, committed 8240K, reserved 1048576K
}
Event: 5.203 GC heap before
{Heap before GC invocations=20 (full 3):
 PSYoungGen      total 163328K, used 158301K [0x00000000f5580000, 0x0000000100000000, 0x0000000100000000)
  eden space 152064K, 100% used [0x00000000f5580000,0x00000000fea00000,0x00000000fea00000)
  from space 11264K, 55% used [0x00000000ff500000,0x00000000ffb174f0,0x0000000100000000)
  to   space 11264K, 0% used [0x00000000fea00000,0x00000000fea00000,0x00000000ff500000)
 ParOldGen       total 175616K, used 60596K [0x00000000e0000000, 0x00000000eab80000, 0x00000000f5580000)
  object space 175616K, 34% used [0x00000000e0000000,0x00000000e3b2d390,0x00000000eab80000)
 Metaspace       used 55872K, capacity 62488K, committed 62504K, reserved 1103872K
  class space    used 6740K, capacity 8741K, committed 8752K, reserved 1048576K
Event: 5.209 GC heap after
Heap after GC invocations=20 (full 3):
 PSYoungGen      total 159744K, used 7487K [0x00000000f5580000, 0x00000000fff00000, 0x0000000100000000)
  eden space 152064K, 0% used [0x00000000f5580000,0x00000000f5580000,0x00000000fea00000)
  from space 7680K, 97% used [0x00000000fea00000,0x00000000ff14fd10,0x00000000ff180000)
  to   space 10752K, 0% used [0x00000000ff480000,0x00000000ff480000,0x00000000fff00000)
 ParOldGen       total 175616K, used 60604K [0x00000000e0000000, 0x00000000eab80000, 0x00000000f5580000)
  object space 175616K, 34% used [0x00000000e0000000,0x00000000e3b2f390,0x00000000eab80000)
 Metaspace       used 55872K, capacity 62488K, committed 62504K, reserved 1103872K
  class space    used 6740K, capacity 8741K, committed 8752K, reserved 1048576K
}
Event: 5.726 GC heap before
{Heap before GC invocations=21 (full 3):
 PSYoungGen      total 159744K, used 159551K [0x00000000f5580000, 0x00000000fff00000, 0x0000000100000000)
  eden space 152064K, 100% used [0x00000000f5580000,0x00000000fea00000,0x00000000fea00000)
  from space 7680K, 97% used [0x00000000fea00000,0x00000000ff14fd10,0x00000000ff180000)
  to   space 10752K, 0% used [0x00000000ff480000,0x00000000ff480000,0x00000000fff00000)
 ParOldGen       total 175616K, used 60604K [0x00000000e0000000, 0x00000000eab80000, 0x00000000f5580000)
  object space 175616K, 34% used [0x00000000e0000000,0x00000000e3b2f390,0x00000000eab80000)
 Metaspace       used 60646K, capacity 69398K, committed 69672K, reserved 1107968K
  class space    used 7631K, capacity 10178K, committed 10288K, reserved 1048576K
Event: 5.734 GC heap after
Heap after GC invocations=21 (full 3):
 PSYoungGen      total 159744K, used 10742K [0x00000000f5580000, 0x0000000100000000, 0x0000000100000000)
  eden space 148992K, 0% used [0x00000000f5580000,0x00000000f5580000,0x00000000fe700000)
  from space 10752K, 99% used [0x00000000ff480000,0x00000000ffefdb98,0x00000000fff00000)
  to   space 12800K, 0% used [0x00000000fe700000,0x00000000fe700000,0x00000000ff380000)
 ParOldGen       total 175616K, used 62251K [0x00000000e0000000, 0x00000000eab80000, 0x00000000f5580000)
  object space 175616K, 35% used [0x00000000e0000000,0x00000000e3ccac10,0x00000000eab80000)
 Metaspace       used 60646K, capacity 69398K, committed 69672K, reserved 1107968K
  class space    used 7631K, capacity 10178K, committed 10288K, reserved 1048576K
}
Event: 5.981 GC heap before
{Heap before GC invocations=22 (full 3):
 PSYoungGen      total 159744K, used 159734K [0x00000000f5580000, 0x0000000100000000, 0x0000000100000000)
  eden space 148992K, 100% used [0x00000000f5580000,0x00000000fe700000,0x00000000fe700000)
  from space 10752K, 99% used [0x00000000ff480000,0x00000000ffefdb98,0x00000000fff00000)
  to   space 12800K, 0% used [0x00000000fe700000,0x00000000fe700000,0x00000000ff380000)
 ParOldGen       total 175616K, used 62251K [0x00000000e0000000, 0x00000000eab80000, 0x00000000f5580000)
  object space 175616K, 35% used [0x00000000e0000000,0x00000000e3ccac10,0x00000000eab80000)
 Metaspace       used 61104K, capacity 69948K, committed 70184K, reserved 1110016K
  class space    used 7670K, capacity 10215K, committed 10288K, reserved 1048576K
Event: 5.990 GC heap after
Heap after GC invocations=22 (full 3):
 PSYoungGen      total 161792K, used 12788K [0x00000000f5580000, 0x0000000100000000, 0x0000000100000000)
  eden space 148992K, 0% used [0x00000000f5580000,0x00000000f5580000,0x00000000fe700000)
  from space 12800K, 99% used [0x00000000fe700000,0x00000000ff37d000,0x00000000ff380000)
  to   space 12800K, 0% used [0x00000000ff380000,0x00000000ff380000,0x0000000100000000)
 ParOldGen       total 175616K, used 63389K [0x00000000e0000000, 0x00000000eab80000, 0x00000000f5580000)
  object space 175616K, 36% used [0x00000000e0000000,0x00000000e3de76a8,0x00000000eab80000)
 Metaspace       used 61104K, capacity 69948K, committed 70184K, reserved 1110016K
  class space    used 7670K, capacity 10215K, committed 10288K, reserved 1048576K
}

