# JRE version: Java(TM) SE Runtime Environment (8.0_111-b14) (build 1.8.0_111-b14)
# Java VM: Java HotSpot(TM) 64-Bit Server VM (25.111-b14 mixed mode windows-amd64 compressed oops)
Heap:
 PSYoungGen      total 160768K, used 117328K [0x00000000f5580000, 0x0000000100000000, 0x0000000100000000)
  eden space 146944K, 70% used [0x00000000f5580000,0x00000000fba95e30,0x00000000fe500000)
  from space 13824K, 99% used [0x00000000fe500000,0x00000000ff27e430,0x00000000ff280000)
  to   space 13824K, 0% used [0x00000000ff280000,0x00000000ff280000,0x0000000100000000)
 ParOldGen       total 172544K, used 61447K [0x00000000e0000000, 0x00000000ea880000, 0x00000000f5580000)
  object space 172544K, 35% used [0x00000000e0000000,0x00000000e3c01eb8,0x00000000ea880000)
 Metaspace       used 61421K, capacity 70414K, committed 70440K, reserved 1110016K
  class space    used 7695K, capacity 10272K, committed 10288K, reserved 1048576K
GC Heap History (10 events):
Event: 4.657 GC heap before
{Heap before GC invocations=18 (full 3):
 PSYoungGen      total 160768K, used 147968K [0x00000000f5580000, 0x0000000100000000, 0x0000000100000000)
  eden space 147968K, 100% used [0x00000000f5580000,0x00000000fe600000,0x00000000fe600000)
  from space 12800K, 0% used [0x00000000ff300000,0x00000000ff300000,0x00000000fff80000)
  to   space 13312K, 0% used [0x00000000fe600000,0x00000000fe600000,0x00000000ff300000)
 ParOldGen       total 172544K, used 60957K [0x00000000e0000000, 0x00000000ea880000, 0x00000000f5580000)
  object space 172544K, 35% used [0x00000000e0000000,0x00000000e3b87440,0x00000000ea880000)
 Metaspace       used 50007K, capacity 55950K, committed 56104K, reserved 1097728K
  class space    used 6085K, capacity 7884K, committed 7984K, reserved 1048576K
Event: 4.660 GC heap after
Heap after GC invocations=18 (full 3):
 PSYoungGen      total 161280K, used 4660K [0x00000000f5580000, 0x0000000100000000, 0x0000000100000000)
  eden space 147968K, 0% used [0x00000000f5580000,0x00000000f5580000,0x00000000fe600000)
  from space 13312K, 35% used [0x00000000fe600000,0x00000000fea8d108,0x00000000ff300000)
  to   space 13312K, 0% used [0x00000000ff300000,0x00000000ff300000,0x0000000100000000)
 ParOldGen       total 172544K, used 60965K [0x00000000e0000000, 0x00000000ea880000, 0x00000000f5580000)
  object space 172544K, 35% used [0x00000000e0000000,0x00000000e3b89440,0x00000000ea880000)
 Metaspace       used 50007K, capacity 55950K, committed 56104K, reserved 1097728K
  class space    used 6085K, capacity 7884K, committed 7984K, reserved 1048576K
}
Event: 4.959 GC heap before
{Heap before GC invocations=19 (full 3):
 PSYoungGen      total 161280K, used 152628K [0x00000000f5580000, 0x0000000100000000, 0x0000000100000000)
  eden space 147968K, 100% used [0x00000000f5580000,0x00000000fe600000,0x00000000fe600000)
  from space 13312K, 35% used [0x00000000fe600000,0x00000000fea8d108,0x00000000ff300000)
  to   space 13312K, 0% used [0x00000000ff300000,0x00000000ff300000,0x0000000100000000)
 ParOldGen       total 172544K, used 60965K [0x00000000e0000000, 0x00000000ea880000, 0x00000000f5580000)
  object space 172544K, 35% used [0x00000000e0000000,0x00000000e3b89440,0x00000000ea880000)
 Metaspace       used 53643K, capacity 59604K, committed 59944K, reserved 1101824K
  class space    used 6358K, capacity 8173K, committed 8240K, reserved 1048576K
Event: 4.964 GC heap after
Heap after GC invocations=19 (full 3):
 PSYoungGen      total 160256K, used 6289K [0x00000000f5580000, 0x00000000fff00000, 0x0000000100000000)
  eden space 147968K, 0% used [0x00000000f5580000,0x00000000f5580000,0x00000000fe600000)
  from space 12288K, 51% used [0x00000000ff300000,0x00000000ff9244c0,0x00000000fff00000)
  to   space 12800K, 0% used [0x00000000fe600000,0x00000000fe600000,0x00000000ff280000)
 ParOldGen       total 172544K, used 60973K [0x00000000e0000000, 0x00000000ea880000, 0x00000000f5580000)
  object space 172544K, 35% used [0x00000000e0000000,0x00000000e3b8b440,0x00000000ea880000)
 Metaspace       used 53643K, capacity 59604K, committed 59944K, reserved 1101824K
  class space    used 6358K, capacity 8173K, committed 8240K, reserved 1048576K
}
Event: 5.236 GC heap before
{Heap before GC invocations=20 (full 3):
 PSYoungGen      total 160256K, used 154257K [0x00000000f5580000, 0x00000000fff00000, 0x0000000100000000)
  eden space 147968K, 100% used [0x00000000f5580000,0x00000000fe600000,0x00000000fe600000)
  from space 12288K, 51% used [0x00000000ff300000,0x00000000ff9244c0,0x00000000fff00000)
  to   space 12800K, 0% used [0x00000000fe600000,0x00000000fe600000,0x00000000ff280000)
 ParOldGen       total 172544K, used 60973K [0x00000000e0000000, 0x00000000ea880000, 0x00000000f5580000)
  object space 172544K, 35% used [0x00000000e0000000,0x00000000e3b8b440,0x00000000ea880000)
 Metaspace       used 55661K, capacity 62184K, committed 62504K, reserved 1103872K
  class space    used 6714K, capacity 8681K, committed 8752K, reserved 1048576K
Event: 5.241 GC heap after
Heap after GC invocations=20 (full 3):
 PSYoungGen      total 160768K, used 7271K [0x00000000f5580000, 0x00000000fff80000, 0x0000000100000000)
  eden space 147968K, 0% used [0x00000000f5580000,0x00000000f5580000,0x00000000fe600000)
  from space 12800K, 56% used [0x00000000fe600000,0x00000000fed19d70,0x00000000ff280000)
  to   space 12288K, 0% used [0x00000000ff380000,0x00000000ff380000,0x00000000fff80000)
 ParOldGen       total 172544K, used 60981K [0x00000000e0000000, 0x00000000ea880000, 0x00000000f5580000)
  object space 172544K, 35% used [0x00000000e0000000,0x00000000e3b8d440,0x00000000ea880000)
 Metaspace       used 55661K, capacity 62184K, committed 62504K, reserved 1103872K
  class space    used 6714K, capacity 8681K, committed 8752K, reserved 1048576K
}
Event: 5.800 GC heap before
{Heap before GC invocations=21 (full 3):
 PSYoungGen      total 160768K, used 155239K [0x00000000f5580000, 0x00000000fff80000, 0x0000000100000000)
  eden space 147968K, 100% used [0x00000000f5580000,0x00000000fe600000,0x00000000fe600000)
  from space 12800K, 56% used [0x00000000fe600000,0x00000000fed19d70,0x00000000ff280000)
  to   space 12288K, 0% used [0x00000000ff380000,0x00000000ff380000,0x00000000fff80000)
 ParOldGen       total 172544K, used 60981K [0x00000000e0000000, 0x00000000ea880000, 0x00000000f5580000)
  object space 172544K, 35% used [0x00000000e0000000,0x00000000e3b8d440,0x00000000ea880000)
 Metaspace       used 59956K, capacity 68646K, committed 68776K, reserved 1107968K
  class space    used 7554K, capacity 10082K, committed 10160K, reserved 1048576K
Event: 5.811 GC heap after
Heap after GC invocations=21 (full 3):
 PSYoungGen      total 159232K, used 12226K [0x00000000f5580000, 0x0000000100000000, 0x0000000100000000)
  eden space 146944K, 0% used [0x00000000f5580000,0x00000000f5580000,0x00000000fe500000)
  from space 12288K, 99% used [0x00000000ff380000,0x00000000fff70988,0x00000000fff80000)
  to   space 13824K, 0% used [0x00000000fe500000,0x00000000fe500000,0x00000000ff280000)
 ParOldGen       total 172544K, used 60989K [0x00000000e0000000, 0x00000000ea880000, 0x00000000f5580000)
  object space 172544K, 35% used [0x00000000e0000000,0x00000000e3b8f440,0x00000000ea880000)
 Metaspace       used 59956K, capacity 68646K, committed 68776K, reserved 1107968K
  class space    used 7554K, capacity 10082K, committed 10160K, reserved 1048576K
}
Event: 6.104 GC heap before
{Heap before GC invocations=22 (full 3):
 PSYoungGen      total 159232K, used 159170K [0x00000000f5580000, 0x0000000100000000, 0x0000000100000000)
  eden space 146944K, 100% used [0x00000000f5580000,0x00000000fe500000,0x00000000fe500000)
  from space 12288K, 99% used [0x00000000ff380000,0x00000000fff70988,0x00000000fff80000)
  to   space 13824K, 0% used [0x00000000fe500000,0x00000000fe500000,0x00000000ff280000)
 ParOldGen       total 172544K, used 60989K [0x00000000e0000000, 0x00000000ea880000, 0x00000000f5580000)
  object space 172544K, 35% used [0x00000000e0000000,0x00000000e3b8f440,0x00000000ea880000)
 Metaspace       used 61259K, capacity 70132K, committed 70184K, reserved 1110016K
  class space    used 7682K, capacity 10247K, committed 10288K, reserved 1048576K
Event: 6.114 GC heap after
Heap after GC invocations=22 (full 3):
 PSYoungGen      total 160768K, used 13817K [0x00000000f5580000, 0x0000000100000000, 0x0000000100000000)
  eden space 146944K, 0% used [0x00000000f5580000,0x00000000f5580000,0x00000000fe500000)
  from space 13824K, 99% used [0x00000000fe500000,0x00000000ff27e430,0x00000000ff280000)
  to   space 13824K, 0% used [0x00000000ff280000,0x00000000ff280000,0x0000000100000000)
 ParOldGen       total 172544K, used 61447K [0x00000000e0000000, 0x00000000ea880000, 0x00000000f5580000)
  object space 172544K, 35% used [0x00000000e0000000,0x00000000e3c01eb8,0x00000000ea880000)
 Metaspace       used 61259K, capacity 70132K, committed 70184K, reserved 1110016K
  class space    used 7682K, capacity 10247K, committed 10288K, reserved 1048576K
}

