# JRE version: Java(TM) SE Runtime Environment (8.0_111-b14) (build 1.8.0_111-b14)
# Java VM: Java HotSpot(TM) 64-Bit Server VM (25.111-b14 mixed mode windows-amd64 compressed oops)
Heap:
 PSYoungGen      total 158720K, used 79953K [0x00000000f5580000, 0x0000000100000000, 0x0000000100000000)
  eden space 144896K, 45% used [0x00000000f5580000,0x00000000f96594c0,0x00000000fe300000)
  from space 13824K, 98% used [0x00000000fe300000,0x00000000ff03b1e0,0x00000000ff080000)
  to   space 15872K, 0% used [0x00000000ff080000,0x00000000ff080000,0x0000000100000000)
 ParOldGen       total 174592K, used 71188K [0x00000000e0000000, 0x00000000eaa80000, 0x00000000f5580000)
  object space 174592K, 40% used [0x00000000e0000000,0x00000000e45851f0,0x00000000eaa80000)
 Metaspace       used 61037K, capacity 69952K, committed 70232K, reserved 1110016K
  class space    used 7532K, capacity 10044K, committed 10112K, reserved 1048576K
GC Heap History (10 events):
Event: 6.658 GC heap before
{Heap before GC invocations=18 (full 3):
 PSYoungGen      total 163840K, used 154112K [0x00000000f5580000, 0x0000000100000000, 0x0000000100000000)
  eden space 154112K, 100% used [0x00000000f5580000,0x00000000fec00000,0x00000000fec00000)
  from space 9728K, 0% used [0x00000000ff680000,0x00000000ff680000,0x0000000100000000)
  to   space 10240K, 0% used [0x00000000fec00000,0x00000000fec00000,0x00000000ff600000)
 ParOldGen       total 174592K, used 60347K [0x00000000e0000000, 0x00000000eaa80000, 0x00000000f5580000)
  object space 174592K, 34% used [0x00000000e0000000,0x00000000e3aeed48,0x00000000eaa80000)
 Metaspace       used 50171K, capacity 56084K, committed 56280K, reserved 1097728K
  class space    used 6097K, capacity 7885K, committed 7936K, reserved 1048576K
Event: 6.662 GC heap after
Heap after GC invocations=18 (full 3):
 PSYoungGen      total 164352K, used 5680K [0x00000000f5580000, 0x0000000100000000, 0x0000000100000000)
  eden space 154112K, 0% used [0x00000000f5580000,0x00000000f5580000,0x00000000fec00000)
  from space 10240K, 55% used [0x00000000fec00000,0x00000000ff18c2e0,0x00000000ff600000)
  to   space 10240K, 0% used [0x00000000ff600000,0x00000000ff600000,0x0000000100000000)
 ParOldGen       total 174592K, used 60355K [0x00000000e0000000, 0x00000000eaa80000, 0x00000000f5580000)
  object space 174592K, 34% used [0x00000000e0000000,0x00000000e3af0d48,0x00000000eaa80000)
 Metaspace       used 50171K, capacity 56084K, committed 56280K, reserved 1097728K
  class space    used 6097K, capacity 7885K, committed 7936K, reserved 1048576K
}
Event: 7.138 GC heap before
{Heap before GC invocations=19 (full 3):
 PSYoungGen      total 164352K, used 159792K [0x00000000f5580000, 0x0000000100000000, 0x0000000100000000)
  eden space 154112K, 100% used [0x00000000f5580000,0x00000000fec00000,0x00000000fec00000)
  from space 10240K, 55% used [0x00000000fec00000,0x00000000ff18c2e0,0x00000000ff600000)
  to   space 10240K, 0% used [0x00000000ff600000,0x00000000ff600000,0x0000000100000000)
 ParOldGen       total 174592K, used 60355K [0x00000000e0000000, 0x00000000eaa80000, 0x00000000f5580000)
  object space 174592K, 34% used [0x00000000e0000000,0x00000000e3af0d48,0x00000000eaa80000)
 Metaspace       used 53650K, capacity 59624K, committed 59864K, reserved 1101824K
  class space    used 6355K, capacity 8145K, committed 8192K, reserved 1048576K
Event: 7.142 GC heap after
Heap after GC invocations=19 (full 3):
 PSYoungGen      total 164352K, used 8156K [0x00000000f5580000, 0x0000000100000000, 0x0000000100000000)
  eden space 154112K, 0% used [0x00000000f5580000,0x00000000f5580000,0x00000000fec00000)
  from space 10240K, 79% used [0x00000000ff600000,0x00000000ffdf72d8,0x0000000100000000)
  to   space 10240K, 0% used [0x00000000fec00000,0x00000000fec00000,0x00000000ff600000)
 ParOldGen       total 174592K, used 60355K [0x00000000e0000000, 0x00000000eaa80000, 0x00000000f5580000)
  object space 174592K, 34% used [0x00000000e0000000,0x00000000e3af0d48,0x00000000eaa80000)
 Metaspace       used 53650K, capacity 59624K, committed 59864K, reserved 1101824K
  class space    used 6355K, capacity 8145K, committed 8192K, reserved 1048576K
}
Event: 7.782 GC heap before
{Heap before GC invocations=20 (full 3):
 PSYoungGen      total 164352K, used 162268K [0x00000000f5580000, 0x0000000100000000, 0x0000000100000000)
  eden space 154112K, 100% used [0x00000000f5580000,0x00000000fec00000,0x00000000fec00000)
  from space 10240K, 79% used [0x00000000ff600000,0x00000000ffdf72d8,0x0000000100000000)
  to   space 10240K, 0% used [0x00000000fec00000,0x00000000fec00000,0x00000000ff600000)
 ParOldGen       total 174592K, used 60355K [0x00000000e0000000, 0x00000000eaa80000, 0x00000000f5580000)
  object space 174592K, 34% used [0x00000000e0000000,0x00000000e3af0d48,0x00000000eaa80000)
 Metaspace       used 57737K, capacity 64822K, committed 64984K, reserved 1105920K
  class space    used 6976K, capacity 9108K, committed 9216K, reserved 1048576K
Event: 7.793 GC heap after
Heap after GC invocations=20 (full 3):
 PSYoungGen      total 164352K, used 10220K [0x00000000f5580000, 0x0000000100000000, 0x0000000100000000)
  eden space 154112K, 0% used [0x00000000f5580000,0x00000000f5580000,0x00000000fec00000)
  from space 10240K, 99% used [0x00000000fec00000,0x00000000ff5fb030,0x00000000ff600000)
  to   space 10240K, 0% used [0x00000000ff600000,0x00000000ff600000,0x0000000100000000)
 ParOldGen       total 174592K, used 61678K [0x00000000e0000000, 0x00000000eaa80000, 0x00000000f5580000)
  object space 174592K, 35% used [0x00000000e0000000,0x00000000e3c3b8d0,0x00000000eaa80000)
 Metaspace       used 57737K, capacity 64822K, committed 64984K, reserved 1105920K
  class space    used 6976K, capacity 9108K, committed 9216K, reserved 1048576K
}
Event: 9.145 GC heap before
{Heap before GC invocations=21 (full 3):
 PSYoungGen      total 164352K, used 164332K [0x00000000f5580000, 0x0000000100000000, 0x0000000100000000)
  eden space 154112K, 100% used [0x00000000f5580000,0x00000000fec00000,0x00000000fec00000)
  from space 10240K, 99% used [0x00000000fec00000,0x00000000ff5fb030,0x00000000ff600000)
  to   space 10240K, 0% used [0x00000000ff600000,0x00000000ff600000,0x0000000100000000)
 ParOldGen       total 174592K, used 61678K [0x00000000e0000000, 0x00000000eaa80000, 0x00000000f5580000)
  object space 174592K, 35% used [0x00000000e0000000,0x00000000e3c3b8d0,0x00000000eaa80000)
 Metaspace       used 60779K, capacity 69398K, committed 69720K, reserved 1110016K
  class space    used 7516K, capacity 10015K, committed 10112K, reserved 1048576K
Event: 9.155 GC heap after
Heap after GC invocations=21 (full 3):
 PSYoungGen      total 155136K, used 10208K [0x00000000f5580000, 0x0000000100000000, 0x0000000100000000)
  eden space 144896K, 0% used [0x00000000f5580000,0x00000000f5580000,0x00000000fe300000)
  from space 10240K, 99% used [0x00000000ff600000,0x00000000ffff8010,0x0000000100000000)
  to   space 14848K, 0% used [0x00000000fe300000,0x00000000fe300000,0x00000000ff180000)
 ParOldGen       total 174592K, used 68603K [0x00000000e0000000, 0x00000000eaa80000, 0x00000000f5580000)
  object space 174592K, 39% used [0x00000000e0000000,0x00000000e42fefb0,0x00000000eaa80000)
 Metaspace       used 60779K, capacity 69398K, committed 69720K, reserved 1110016K
  class space    used 7516K, capacity 10015K, committed 10112K, reserved 1048576K
}
Event: 9.423 GC heap before
{Heap before GC invocations=22 (full 3):
 PSYoungGen      total 155136K, used 155104K [0x00000000f5580000, 0x0000000100000000, 0x0000000100000000)
  eden space 144896K, 100% used [0x00000000f5580000,0x00000000fe300000,0x00000000fe300000)
  from space 10240K, 99% used [0x00000000ff600000,0x00000000ffff8010,0x0000000100000000)
  to   space 14848K, 0% used [0x00000000fe300000,0x00000000fe300000,0x00000000ff180000)
 ParOldGen       total 174592K, used 68603K [0x00000000e0000000, 0x00000000eaa80000, 0x00000000f5580000)
  object space 174592K, 39% used [0x00000000e0000000,0x00000000e42fefb0,0x00000000eaa80000)
 Metaspace       used 61016K, capacity 69912K, committed 70232K, reserved 1110016K
  class space    used 7530K, capacity 10040K, committed 10112K, reserved 1048576K
Event: 9.431 GC heap after
Heap after GC invocations=22 (full 3):
 PSYoungGen      total 158720K, used 13548K [0x00000000f5580000, 0x0000000100000000, 0x0000000100000000)
  eden space 144896K, 0% used [0x00000000f5580000,0x00000000f5580000,0x00000000fe300000)
  from space 13824K, 98% used [0x00000000fe300000,0x00000000ff03b1e0,0x00000000ff080000)
  to   space 15872K, 0% used [0x00000000ff080000,0x00000000ff080000,0x0000000100000000)
 ParOldGen       total 174592K, used 71188K [0x00000000e0000000, 0x00000000eaa80000, 0x00000000f5580000)
  object space 174592K, 40% used [0x00000000e0000000,0x00000000e45851f0,0x00000000eaa80000)
 Metaspace       used 61016K, capacity 69912K, committed 70232K, reserved 1110016K
  class space    used 7530K, capacity 10040K, committed 10112K, reserved 1048576K
}

