# JRE version: Java(TM) SE Runtime Environment (8.0_111-b14) (build 1.8.0_111-b14)
# Java VM: Java HotSpot(TM) 64-Bit Server VM (25.111-b14 mixed mode windows-amd64 compressed oops)
Heap:
 PSYoungGen      total 159744K, used 140462K [0x00000000f5580000, 0x0000000100000000, 0x0000000100000000)
  eden space 145920K, 89% used [0x00000000f5580000,0x00000000fd458f60,0x00000000fe400000)
  from space 13824K, 76% used [0x00000000ff280000,0x00000000ffcd2bb0,0x0000000100000000)
  to   space 14336K, 0% used [0x00000000fe400000,0x00000000fe400000,0x00000000ff200000)
 ParOldGen       total 185344K, used 61079K [0x00000000e0000000, 0x00000000eb500000, 0x00000000f5580000)
  object space 185344K, 32% used [0x00000000e0000000,0x00000000e3ba5db8,0x00000000eb500000)
 Metaspace       used 58736K, capacity 66710K, committed 66864K, reserved 1105920K
  class space    used 7190K, capacity 9512K, committed 9520K, reserved 1048576K
GC Heap History (10 events):
Event: 4.404 GC heap before
{Heap before GC invocations=17 (full 3):
 PSYoungGen      total 159232K, used 12272K [0x00000000f5580000, 0x0000000100000000, 0x0000000100000000)
  eden space 146944K, 0% used [0x00000000f5580000,0x00000000f5580000,0x00000000fe500000)
  from space 12288K, 99% used [0x00000000ff400000,0x00000000ffffc2b0,0x0000000100000000)
  to   space 13824K, 0% used [0x00000000fe500000,0x00000000fe500000,0x00000000ff280000)
 ParOldGen       total 149504K, used 51917K [0x00000000e0000000, 0x00000000e9200000, 0x00000000f5580000)
  object space 149504K, 34% used [0x00000000e0000000,0x00000000e32b3720,0x00000000e9200000)
 Metaspace       used 46445K, capacity 51754K, committed 51888K, reserved 1093632K
  class space    used 5629K, capacity 7244K, committed 7344K, reserved 1048576K
Event: 4.597 GC heap after
Heap after GC invocations=17 (full 3):
 PSYoungGen      total 159232K, used 0K [0x00000000f5580000, 0x0000000100000000, 0x0000000100000000)
  eden space 146944K, 0% used [0x00000000f5580000,0x00000000f5580000,0x00000000fe500000)
  from space 12288K, 0% used [0x00000000ff400000,0x00000000ff400000,0x0000000100000000)
  to   space 13824K, 0% used [0x00000000fe500000,0x00000000fe500000,0x00000000ff280000)
 ParOldGen       total 185344K, used 61047K [0x00000000e0000000, 0x00000000eb500000, 0x00000000f5580000)
  object space 185344K, 32% used [0x00000000e0000000,0x00000000e3b9ddb8,0x00000000eb500000)
 Metaspace       used 46445K, capacity 51754K, committed 51888K, reserved 1093632K
  class space    used 5629K, capacity 7244K, committed 7344K, reserved 1048576K
}
Event: 4.898 GC heap before
{Heap before GC invocations=18 (full 3):
 PSYoungGen      total 159232K, used 146944K [0x00000000f5580000, 0x0000000100000000, 0x0000000100000000)
  eden space 146944K, 100% used [0x00000000f5580000,0x00000000fe500000,0x00000000fe500000)
  from space 12288K, 0% used [0x00000000ff400000,0x00000000ff400000,0x0000000100000000)
  to   space 13824K, 0% used [0x00000000fe500000,0x00000000fe500000,0x00000000ff280000)
 ParOldGen       total 185344K, used 61047K [0x00000000e0000000, 0x00000000eb500000, 0x00000000f5580000)
  object space 185344K, 32% used [0x00000000e0000000,0x00000000e3b9ddb8,0x00000000eb500000)
 Metaspace       used 49133K, capacity 54972K, committed 55216K, reserved 1097728K
  class space    used 6033K, capacity 7847K, committed 7856K, reserved 1048576K
Event: 4.902 GC heap after
Heap after GC invocations=18 (full 3):
 PSYoungGen      total 160768K, used 3660K [0x00000000f5580000, 0x0000000100000000, 0x0000000100000000)
  eden space 146944K, 0% used [0x00000000f5580000,0x00000000f5580000,0x00000000fe500000)
  from space 13824K, 26% used [0x00000000fe500000,0x00000000fe8933f0,0x00000000ff280000)
  to   space 13824K, 0% used [0x00000000ff280000,0x00000000ff280000,0x0000000100000000)
 ParOldGen       total 185344K, used 61055K [0x00000000e0000000, 0x00000000eb500000, 0x00000000f5580000)
  object space 185344K, 32% used [0x00000000e0000000,0x00000000e3b9fdb8,0x00000000eb500000)
 Metaspace       used 49133K, capacity 54972K, committed 55216K, reserved 1097728K
  class space    used 6033K, capacity 7847K, committed 7856K, reserved 1048576K
}
Event: 5.372 GC heap before
{Heap before GC invocations=19 (full 3):
 PSYoungGen      total 160768K, used 150604K [0x00000000f5580000, 0x0000000100000000, 0x0000000100000000)
  eden space 146944K, 100% used [0x00000000f5580000,0x00000000fe500000,0x00000000fe500000)
  from space 13824K, 26% used [0x00000000fe500000,0x00000000fe8933f0,0x00000000ff280000)
  to   space 13824K, 0% used [0x00000000ff280000,0x00000000ff280000,0x0000000100000000)
 ParOldGen       total 185344K, used 61055K [0x00000000e0000000, 0x00000000eb500000, 0x00000000f5580000)
  object space 185344K, 32% used [0x00000000e0000000,0x00000000e3b9fdb8,0x00000000eb500000)
 Metaspace       used 53183K, capacity 59514K, committed 59696K, reserved 1099776K
  class space    used 6443K, capacity 8382K, committed 8496K, reserved 1048576K
Event: 5.377 GC heap after
Heap after GC invocations=19 (full 3):
 PSYoungGen      total 159744K, used 6553K [0x00000000f5580000, 0x00000000fff00000, 0x0000000100000000)
  eden space 146944K, 0% used [0x00000000f5580000,0x00000000f5580000,0x00000000fe500000)
  from space 12800K, 51% used [0x00000000ff280000,0x00000000ff8e66b8,0x00000000fff00000)
  to   space 13312K, 0% used [0x00000000fe500000,0x00000000fe500000,0x00000000ff200000)
 ParOldGen       total 185344K, used 61063K [0x00000000e0000000, 0x00000000eb500000, 0x00000000f5580000)
  object space 185344K, 32% used [0x00000000e0000000,0x00000000e3ba1db8,0x00000000eb500000)
 Metaspace       used 53183K, capacity 59514K, committed 59696K, reserved 1099776K
  class space    used 6443K, capacity 8382K, committed 8496K, reserved 1048576K
}
Event: 5.811 GC heap before
{Heap before GC invocations=20 (full 3):
 PSYoungGen      total 159744K, used 153497K [0x00000000f5580000, 0x00000000fff00000, 0x0000000100000000)
  eden space 146944K, 100% used [0x00000000f5580000,0x00000000fe500000,0x00000000fe500000)
  from space 12800K, 51% used [0x00000000ff280000,0x00000000ff8e66b8,0x00000000fff00000)
  to   space 13312K, 0% used [0x00000000fe500000,0x00000000fe500000,0x00000000ff200000)
 ParOldGen       total 185344K, used 61063K [0x00000000e0000000, 0x00000000eb500000, 0x00000000f5580000)
  object space 185344K, 32% used [0x00000000e0000000,0x00000000e3ba1db8,0x00000000eb500000)
 Metaspace       used 57915K, capacity 65540K, committed 65840K, reserved 1105920K
  class space    used 7137K, capacity 9393K, committed 9520K, reserved 1048576K
Event: 5.818 GC heap after
Heap after GC invocations=20 (full 3):
 PSYoungGen      total 160256K, used 10425K [0x00000000f5580000, 0x0000000100000000, 0x0000000100000000)
  eden space 146944K, 0% used [0x00000000f5580000,0x00000000f5580000,0x00000000fe500000)
  from space 13312K, 78% used [0x00000000fe500000,0x00000000fef2e680,0x00000000ff200000)
  to   space 13824K, 0% used [0x00000000ff280000,0x00000000ff280000,0x0000000100000000)
 ParOldGen       total 185344K, used 61071K [0x00000000e0000000, 0x00000000eb500000, 0x00000000f5580000)
  object space 185344K, 32% used [0x00000000e0000000,0x00000000e3ba3db8,0x00000000eb500000)
 Metaspace       used 57915K, capacity 65540K, committed 65840K, reserved 1105920K
  class space    used 7137K, capacity 9393K, committed 9520K, reserved 1048576K
}
Event: 6.177 GC heap before
{Heap before GC invocations=21 (full 3):
 PSYoungGen      total 160256K, used 157369K [0x00000000f5580000, 0x0000000100000000, 0x0000000100000000)
  eden space 146944K, 100% used [0x00000000f5580000,0x00000000fe500000,0x00000000fe500000)
  from space 13312K, 78% used [0x00000000fe500000,0x00000000fef2e680,0x00000000ff200000)
  to   space 13824K, 0% used [0x00000000ff280000,0x00000000ff280000,0x0000000100000000)
 ParOldGen       total 185344K, used 61071K [0x00000000e0000000, 0x00000000eb500000, 0x00000000f5580000)
  object space 185344K, 32% used [0x00000000e0000000,0x00000000e3ba3db8,0x00000000eb500000)
 Metaspace       used 58356K, capacity 66154K, committed 66352K, reserved 1105920K
  class space    used 7171K, capacity 9442K, committed 9520K, reserved 1048576K
Event: 6.190 GC heap after
Heap after GC invocations=21 (full 3):
 PSYoungGen      total 159744K, used 10570K [0x00000000f5580000, 0x0000000100000000, 0x0000000100000000)
  eden space 145920K, 0% used [0x00000000f5580000,0x00000000f5580000,0x00000000fe400000)
  from space 13824K, 76% used [0x00000000ff280000,0x00000000ffcd2bb0,0x0000000100000000)
  to   space 14336K, 0% used [0x00000000fe400000,0x00000000fe400000,0x00000000ff200000)
 ParOldGen       total 185344K, used 61079K [0x00000000e0000000, 0x00000000eb500000, 0x00000000f5580000)
  object space 185344K, 32% used [0x00000000e0000000,0x00000000e3ba5db8,0x00000000eb500000)
 Metaspace       used 58356K, capacity 66154K, committed 66352K, reserved 1105920K
  class space    used 7171K, capacity 9442K, committed 9520K, reserved 1048576K
}

